{"/Users/admin/projects/deal-aggregator-facebook/components/ErrorBoundary.js": {"path":"/Users/admin/projects/deal-aggregator-facebook/components/ErrorBoundary.js","statementMap":{"0":{"start":{"line":10,"column":4},"end":{"line":10,"column":17}},"1":{"start":{"line":11,"column":4},"end":{"line":11,"column":67}},"2":{"start":{"line":16,"column":4},"end":{"line":16,"column":30}},"3":{"start":{"line":21,"column":4},"end":{"line":21,"column":70}},"4":{"start":{"line":23,"column":4},"end":{"line":26,"column":7}},"5":{"start":{"line":29,"column":4},"end":{"line":31,"column":5}},"6":{"start":{"line":30,"column":6},"end":{"line":30,"column":47}},"7":{"start":{"line":36,"column":22},"end":{"line":43,"column":5}},"8":{"start":{"line":46,"column":4},"end":{"line":46,"column":68}},"9":{"start":{"line":50,"column":4},"end":{"line":102,"column":5}},"10":{"start":{"line":52,"column":6},"end":{"line":101,"column":8}},"11":{"start":{"line":64,"column":31},"end":{"line":64,"column":55}},"12":{"start":{"line":70,"column":31},"end":{"line":70,"column":57}},"13":{"start":{"line":104,"column":4},"end":{"line":104,"column":31}},"14":{"start":{"line":109,"column":33},"end":{"line":117,"column":1}},"15":{"start":{"line":110,"column":2},"end":{"line":116,"column":4}},"16":{"start":{"line":111,"column":4},"end":{"line":115,"column":6}},"17":{"start":{"line":120,"column":31},"end":{"line":125,"column":1}},"18":{"start":{"line":121,"column":2},"end":{"line":124,"column":4}},"19":{"start":{"line":122,"column":4},"end":{"line":122,"column":72}},"20":{"start":{"line":123,"column":4},"end":{"line":123,"column":16}},"21":{"start":{"line":127,"column":15},"end":{"line":214,"column":1}}},"fnMap":{"0":{"name":"(anonymous_0)","decl":{"start":{"line":9,"column":2},"end":{"line":9,"column":3}},"loc":{"start":{"line":9,"column":21},"end":{"line":12,"column":3}},"line":9},"1":{"name":"(anonymous_1)","decl":{"start":{"line":14,"column":2},"end":{"line":14,"column":3}},"loc":{"start":{"line":14,"column":41},"end":{"line":17,"column":3}},"line":14},"2":{"name":"(anonymous_2)","decl":{"start":{"line":19,"column":2},"end":{"line":19,"column":3}},"loc":{"start":{"line":19,"column":38},"end":{"line":32,"column":3}},"line":19},"3":{"name":"(anonymous_3)","decl":{"start":{"line":34,"column":2},"end":{"line":34,"column":3}},"loc":{"start":{"line":34,"column":38},"end":{"line":47,"column":3}},"line":34},"4":{"name":"(anonymous_4)","decl":{"start":{"line":49,"column":2},"end":{"line":49,"column":3}},"loc":{"start":{"line":49,"column":11},"end":{"line":105,"column":3}},"line":49},"5":{"name":"(anonymous_5)","decl":{"start":{"line":64,"column":25},"end":{"line":64,"column":26}},"loc":{"start":{"line":64,"column":31},"end":{"line":64,"column":55}},"line":64},"6":{"name":"(anonymous_6)","decl":{"start":{"line":70,"column":25},"end":{"line":70,"column":26}},"loc":{"start":{"line":70,"column":31},"end":{"line":70,"column":57}},"line":70},"7":{"name":"(anonymous_7)","decl":{"start":{"line":109,"column":33},"end":{"line":109,"column":34}},"loc":{"start":{"line":109,"column":70},"end":{"line":117,"column":1}},"line":109},"8":{"name":"WithErrorBoundaryComponent","decl":{"start":{"line":110,"column":18},"end":{"line":110,"column":44}},"loc":{"start":{"line":110,"column":52},"end":{"line":116,"column":3}},"line":110},"9":{"name":"(anonymous_9)","decl":{"start":{"line":120,"column":31},"end":{"line":120,"column":32}},"loc":{"start":{"line":120,"column":37},"end":{"line":125,"column":1}},"line":120},"10":{"name":"(anonymous_10)","decl":{"start":{"line":121,"column":9},"end":{"line":121,"column":10}},"loc":{"start":{"line":121,"column":31},"end":{"line":124,"column":3}},"line":121}},"branchMap":{"0":{"loc":{"start":{"line":29,"column":4},"end":{"line":31,"column":5}},"type":"if","locations":[{"start":{"line":29,"column":4},"end":{"line":31,"column":5}},{"start":{},"end":{}}],"line":29},"1":{"loc":{"start":{"line":50,"column":4},"end":{"line":102,"column":5}},"type":"if","locations":[{"start":{"line":50,"column":4},"end":{"line":102,"column":5}},{"start":{},"end":{}}],"line":50},"2":{"loc":{"start":{"line":77,"column":13},"end":{"line":91,"column":13}},"type":"binary-expr","locations":[{"start":{"line":77,"column":13},"end":{"line":77,"column":51}},{"start":{"line":78,"column":14},"end":{"line":90,"column":24}}],"line":77},"3":{"loc":{"start":{"line":82,"column":49},"end":{"line":82,"column":96}},"type":"binary-expr","locations":[{"start":{"line":82,"column":49},"end":{"line":82,"column":65}},{"start":{"line":82,"column":69},"end":{"line":82,"column":96}}],"line":82},"4":{"loc":{"start":{"line":85,"column":49},"end":{"line":85,"column":108}},"type":"binary-expr","locations":[{"start":{"line":85,"column":49},"end":{"line":85,"column":69}},{"start":{"line":85,"column":73},"end":{"line":85,"column":108}}],"line":85},"5":{"loc":{"start":{"line":88,"column":49},"end":{"line":88,"column":91}},"type":"binary-expr","locations":[{"start":{"line":88,"column":49},"end":{"line":88,"column":65}},{"start":{"line":88,"column":69},"end":{"line":88,"column":91}}],"line":88},"6":{"loc":{"start":{"line":94,"column":13},"end":{"line":98,"column":13}},"type":"binary-expr","locations":[{"start":{"line":94,"column":13},"end":{"line":94,"column":50}},{"start":{"line":95,"column":14},"end":{"line":97,"column":20}}],"line":94}},"s":{"0":32,"1":32,"2":29,"3":14,"4":14,"5":14,"6":3,"7":3,"8":3,"9":75,"10":43,"11":1,"12":1,"13":32,"14":1,"15":3,"16":5,"17":1,"18":2,"19":1,"20":1,"21":1},"f":{"0":32,"1":29,"2":14,"3":3,"4":75,"5":1,"6":1,"7":3,"8":5,"9":2,"10":1},"b":{"0":[3,11],"1":[43,32],"2":[43,6],"3":[6,2],"4":[6,2],"5":[6,2],"6":[43,9]},"_coverageSchema":"1a1c01bbd47fc00a2c39e90264f33305004495a9","hash":"76c7718210eeacd3bf5e9091b662e6296404deaa"}
,"/Users/admin/projects/deal-aggregator-facebook/components/Layout.js": {"path":"/Users/admin/projects/deal-aggregator-facebook/components/Layout.js","statementMap":{"0":{"start":{"line":7,"column":15},"end":{"line":263,"column":1}},"1":{"start":{"line":8,"column":17},"end":{"line":8,"column":28}},"2":{"start":{"line":10,"column":23},"end":{"line":15,"column":3}},"3":{"start":{"line":11,"column":4},"end":{"line":13,"column":5}},"4":{"start":{"line":12,"column":6},"end":{"line":12,"column":37}},"5":{"start":{"line":14,"column":4},"end":{"line":14,"column":44}},"6":{"start":{"line":17,"column":2},"end":{"line":262,"column":4}}},"fnMap":{"0":{"name":"(anonymous_0)","decl":{"start":{"line":7,"column":15},"end":{"line":7,"column":16}},"loc":{"start":{"line":7,"column":33},"end":{"line":263,"column":1}},"line":7},"1":{"name":"(anonymous_1)","decl":{"start":{"line":10,"column":23},"end":{"line":10,"column":24}},"loc":{"start":{"line":10,"column":33},"end":{"line":15,"column":3}},"line":10}},"branchMap":{"0":{"loc":{"start":{"line":11,"column":4},"end":{"line":13,"column":5}},"type":"if","locations":[{"start":{"line":11,"column":4},"end":{"line":13,"column":5}},{"start":{},"end":{}}],"line":11},"1":{"loc":{"start":{"line":86,"column":43},"end":{"line":86,"column":76}},"type":"cond-expr","locations":[{"start":{"line":86,"column":63},"end":{"line":86,"column":71}},{"start":{"line":86,"column":74},"end":{"line":86,"column":76}}],"line":86},"2":{"loc":{"start":{"line":97,"column":43},"end":{"line":97,"column":81}},"type":"cond-expr","locations":[{"start":{"line":97,"column":68},"end":{"line":97,"column":76}},{"start":{"line":97,"column":79},"end":{"line":97,"column":81}}],"line":97},"3":{"loc":{"start":{"line":108,"column":43},"end":{"line":108,"column":80}},"type":"cond-expr","locations":[{"start":{"line":108,"column":67},"end":{"line":108,"column":75}},{"start":{"line":108,"column":78},"end":{"line":108,"column":80}}],"line":108},"4":{"loc":{"start":{"line":119,"column":43},"end":{"line":119,"column":81}},"type":"cond-expr","locations":[{"start":{"line":119,"column":68},"end":{"line":119,"column":76}},{"start":{"line":119,"column":79},"end":{"line":119,"column":81}}],"line":119},"5":{"loc":{"start":{"line":130,"column":43},"end":{"line":130,"column":83}},"type":"cond-expr","locations":[{"start":{"line":130,"column":70},"end":{"line":130,"column":78}},{"start":{"line":130,"column":81},"end":{"line":130,"column":83}}],"line":130}},"s":{"0":1,"1":30,"2":30,"3":150,"4":30,"5":120,"6":30},"f":{"0":30,"1":150},"b":{"0":[30,120],"1":[26,4],"2":[2,28],"3":[1,29],"4":[1,29],"5":[0,30]},"_coverageSchema":"1a1c01bbd47fc00a2c39e90264f33305004495a9","hash":"91a2d0729784f7b32965f332d8ba48a0d7f2251d"}
,"/Users/admin/projects/deal-aggregator-facebook/components/admin/AdminNotificationBadge.js": {"path":"/Users/admin/projects/deal-aggregator-facebook/components/admin/AdminNotificationBadge.js","statementMap":{"0":{"start":{"line":6,"column":31},"end":{"line":128,"column":1}},"1":{"start":{"line":7,"column":19},"end":{"line":7,"column":32}},"2":{"start":{"line":8,"column":34},"end":{"line":8,"column":69}},"3":{"start":{"line":8,"column":55},"end":{"line":8,"column":68}},"4":{"start":{"line":9,"column":36},"end":{"line":9,"column":68}},"5":{"start":{"line":9,"column":57},"end":{"line":9,"column":67}},"6":{"start":{"line":11,"column":46},"end":{"line":11,"column":61}},"7":{"start":{"line":12,"column":50},"end":{"line":12,"column":61}},"8":{"start":{"line":14,"column":18},"end":{"line":14,"column":59}},"9":{"start":{"line":15,"column":25},"end":{"line":15,"column":43}},"10":{"start":{"line":16,"column":27},"end":{"line":16,"column":47}},"11":{"start":{"line":17,"column":30},"end":{"line":17,"column":63}},"12":{"start":{"line":19,"column":2},"end":{"line":31,"column":26}},"13":{"start":{"line":20,"column":4},"end":{"line":30,"column":5}},"14":{"start":{"line":22,"column":6},"end":{"line":22,"column":35}},"15":{"start":{"line":25,"column":23},"end":{"line":27,"column":15}},"16":{"start":{"line":26,"column":8},"end":{"line":26,"column":37}},"17":{"start":{"line":29,"column":6},"end":{"line":29,"column":43}},"18":{"start":{"line":29,"column":19},"end":{"line":29,"column":42}},"19":{"start":{"line":33,"column":2},"end":{"line":47,"column":41}},"20":{"start":{"line":35,"column":4},"end":{"line":44,"column":5}},"21":{"start":{"line":36,"column":6},"end":{"line":36,"column":30}},"22":{"start":{"line":39,"column":22},"end":{"line":41,"column":14}},"23":{"start":{"line":40,"column":8},"end":{"line":40,"column":33}},"24":{"start":{"line":43,"column":6},"end":{"line":43,"column":41}},"25":{"start":{"line":43,"column":19},"end":{"line":43,"column":40}},"26":{"start":{"line":46,"column":4},"end":{"line":46,"column":40}},"27":{"start":{"line":49,"column":2},"end":{"line":51,"column":3}},"28":{"start":{"line":50,"column":4},"end":{"line":50,"column":16}},"29":{"start":{"line":53,"column":2},"end":{"line":59,"column":3}},"30":{"start":{"line":54,"column":4},"end":{"line":58,"column":6}},"31":{"start":{"line":61,"column":27},"end":{"line":66,"column":3}},"32":{"start":{"line":62,"column":4},"end":{"line":62,"column":48}},"33":{"start":{"line":62,"column":30},"end":{"line":62,"column":48}},"34":{"start":{"line":63,"column":4},"end":{"line":63,"column":43}},"35":{"start":{"line":63,"column":29},"end":{"line":63,"column":43}},"36":{"start":{"line":64,"column":4},"end":{"line":64,"column":45}},"37":{"start":{"line":64,"column":29},"end":{"line":64,"column":45}},"38":{"start":{"line":65,"column":4},"end":{"line":65,"column":17}},"39":{"start":{"line":68,"column":26},"end":{"line":79,"column":3}},"40":{"start":{"line":69,"column":4},"end":{"line":71,"column":5}},"41":{"start":{"line":70,"column":6},"end":{"line":70,"column":72}},"42":{"start":{"line":72,"column":4},"end":{"line":74,"column":5}},"43":{"start":{"line":73,"column":6},"end":{"line":73,"column":123}},"44":{"start":{"line":75,"column":4},"end":{"line":77,"column":5}},"45":{"start":{"line":76,"column":6},"end":{"line":76,"column":91}},"46":{"start":{"line":78,"column":4},"end":{"line":78,"column":32}},"47":{"start":{"line":81,"column":24},"end":{"line":81,"column":42}},"48":{"start":{"line":83,"column":2},"end":{"line":127,"column":4}}},"fnMap":{"0":{"name":"(anonymous_0)","decl":{"start":{"line":6,"column":31},"end":{"line":6,"column":32}},"loc":{"start":{"line":6,"column":55},"end":{"line":128,"column":1}},"line":6},"1":{"name":"(anonymous_1)","decl":{"start":{"line":8,"column":46},"end":{"line":8,"column":47}},"loc":{"start":{"line":8,"column":55},"end":{"line":8,"column":68}},"line":8},"2":{"name":"(anonymous_2)","decl":{"start":{"line":9,"column":48},"end":{"line":9,"column":49}},"loc":{"start":{"line":9,"column":57},"end":{"line":9,"column":67}},"line":9},"3":{"name":"(anonymous_3)","decl":{"start":{"line":19,"column":12},"end":{"line":19,"column":13}},"loc":{"start":{"line":19,"column":18},"end":{"line":31,"column":3}},"line":19},"4":{"name":"(anonymous_4)","decl":{"start":{"line":25,"column":35},"end":{"line":25,"column":36}},"loc":{"start":{"line":25,"column":41},"end":{"line":27,"column":7}},"line":25},"5":{"name":"(anonymous_5)","decl":{"start":{"line":29,"column":13},"end":{"line":29,"column":14}},"loc":{"start":{"line":29,"column":19},"end":{"line":29,"column":42}},"line":29},"6":{"name":"(anonymous_6)","decl":{"start":{"line":33,"column":12},"end":{"line":33,"column":13}},"loc":{"start":{"line":33,"column":18},"end":{"line":47,"column":3}},"line":33},"7":{"name":"(anonymous_7)","decl":{"start":{"line":39,"column":33},"end":{"line":39,"column":34}},"loc":{"start":{"line":39,"column":39},"end":{"line":41,"column":7}},"line":39},"8":{"name":"(anonymous_8)","decl":{"start":{"line":43,"column":13},"end":{"line":43,"column":14}},"loc":{"start":{"line":43,"column":19},"end":{"line":43,"column":40}},"line":43},"9":{"name":"(anonymous_9)","decl":{"start":{"line":61,"column":27},"end":{"line":61,"column":28}},"loc":{"start":{"line":61,"column":33},"end":{"line":66,"column":3}},"line":61},"10":{"name":"(anonymous_10)","decl":{"start":{"line":68,"column":26},"end":{"line":68,"column":27}},"loc":{"start":{"line":68,"column":32},"end":{"line":79,"column":3}},"line":68}},"branchMap":{"0":{"loc":{"start":{"line":6,"column":34},"end":{"line":6,"column":48}},"type":"default-arg","locations":[{"start":{"line":6,"column":46},"end":{"line":6,"column":48}}],"line":6},"1":{"loc":{"start":{"line":14,"column":18},"end":{"line":14,"column":59}},"type":"binary-expr","locations":[{"start":{"line":14,"column":18},"end":{"line":14,"column":33}},{"start":{"line":14,"column":37},"end":{"line":14,"column":59}}],"line":14},"2":{"loc":{"start":{"line":15,"column":25},"end":{"line":15,"column":43}},"type":"binary-expr","locations":[{"start":{"line":15,"column":25},"end":{"line":15,"column":38}},{"start":{"line":15,"column":42},"end":{"line":15,"column":43}}],"line":15},"3":{"loc":{"start":{"line":16,"column":27},"end":{"line":16,"column":47}},"type":"binary-expr","locations":[{"start":{"line":16,"column":27},"end":{"line":16,"column":42}},{"start":{"line":16,"column":46},"end":{"line":16,"column":47}}],"line":16},"4":{"loc":{"start":{"line":20,"column":4},"end":{"line":30,"column":5}},"type":"if","locations":[{"start":{"line":20,"column":4},"end":{"line":30,"column":5}},{"start":{},"end":{}}],"line":20},"5":{"loc":{"start":{"line":35,"column":4},"end":{"line":44,"column":5}},"type":"if","locations":[{"start":{"line":35,"column":4},"end":{"line":44,"column":5}},{"start":{},"end":{}}],"line":35},"6":{"loc":{"start":{"line":35,"column":8},"end":{"line":35,"column":65}},"type":"binary-expr","locations":[{"start":{"line":35,"column":8},"end":{"line":35,"column":41}},{"start":{"line":35,"column":45},"end":{"line":35,"column":65}}],"line":35},"7":{"loc":{"start":{"line":49,"column":2},"end":{"line":51,"column":3}},"type":"if","locations":[{"start":{"line":49,"column":2},"end":{"line":51,"column":3}},{"start":{},"end":{}}],"line":49},"8":{"loc":{"start":{"line":49,"column":6},"end":{"line":49,"column":30}},"type":"binary-expr","locations":[{"start":{"line":49,"column":6},"end":{"line":49,"column":14}},{"start":{"line":49,"column":18},"end":{"line":49,"column":30}}],"line":49},"9":{"loc":{"start":{"line":53,"column":2},"end":{"line":59,"column":3}},"type":"if","locations":[{"start":{"line":53,"column":2},"end":{"line":59,"column":3}},{"start":{},"end":{}}],"line":53},"10":{"loc":{"start":{"line":62,"column":4},"end":{"line":62,"column":48}},"type":"if","locations":[{"start":{"line":62,"column":4},"end":{"line":62,"column":48}},{"start":{},"end":{}}],"line":62},"11":{"loc":{"start":{"line":63,"column":4},"end":{"line":63,"column":43}},"type":"if","locations":[{"start":{"line":63,"column":4},"end":{"line":63,"column":43}},{"start":{},"end":{}}],"line":63},"12":{"loc":{"start":{"line":64,"column":4},"end":{"line":64,"column":45}},"type":"if","locations":[{"start":{"line":64,"column":4},"end":{"line":64,"column":45}},{"start":{},"end":{}}],"line":64},"13":{"loc":{"start":{"line":69,"column":4},"end":{"line":71,"column":5}},"type":"if","locations":[{"start":{"line":69,"column":4},"end":{"line":71,"column":5}},{"start":{},"end":{}}],"line":69},"14":{"loc":{"start":{"line":69,"column":8},"end":{"line":69,"column":50}},"type":"binary-expr","locations":[{"start":{"line":69,"column":8},"end":{"line":69,"column":26}},{"start":{"line":69,"column":30},"end":{"line":69,"column":50}}],"line":69},"15":{"loc":{"start":{"line":72,"column":4},"end":{"line":74,"column":5}},"type":"if","locations":[{"start":{"line":72,"column":4},"end":{"line":74,"column":5}},{"start":{},"end":{}}],"line":72},"16":{"loc":{"start":{"line":73,"column":40},"end":{"line":73,"column":71}},"type":"cond-expr","locations":[{"start":{"line":73,"column":63},"end":{"line":73,"column":65}},{"start":{"line":73,"column":68},"end":{"line":73,"column":71}}],"line":73},"17":{"loc":{"start":{"line":73,"column":79},"end":{"line":73,"column":110}},"type":"cond-expr","locations":[{"start":{"line":73,"column":102},"end":{"line":73,"column":105}},{"start":{"line":73,"column":108},"end":{"line":73,"column":110}}],"line":73},"18":{"loc":{"start":{"line":75,"column":4},"end":{"line":77,"column":5}},"type":"if","locations":[{"start":{"line":75,"column":4},"end":{"line":77,"column":5}},{"start":{},"end":{}}],"line":75},"19":{"loc":{"start":{"line":76,"column":42},"end":{"line":76,"column":75}},"type":"cond-expr","locations":[{"start":{"line":76,"column":67},"end":{"line":76,"column":69}},{"start":{"line":76,"column":72},"end":{"line":76,"column":75}}],"line":76},"20":{"loc":{"start":{"line":85,"column":62},"end":{"line":85,"column":104}},"type":"cond-expr","locations":[{"start":{"line":85,"column":79},"end":{"line":85,"column":99}},{"start":{"line":85,"column":102},"end":{"line":85,"column":104}}],"line":85},"21":{"loc":{"start":{"line":98,"column":7},"end":{"line":102,"column":7}},"type":"binary-expr","locations":[{"start":{"line":98,"column":7},"end":{"line":98,"column":25}},{"start":{"line":99,"column":8},"end":{"line":101,"column":14}}],"line":98},"22":{"loc":{"start":{"line":108,"column":9},"end":{"line":113,"column":9}},"type":"binary-expr","locations":[{"start":{"line":108,"column":9},"end":{"line":108,"column":27}},{"start":{"line":109,"column":10},"end":{"line":112,"column":16}}],"line":108},"23":{"loc":{"start":{"line":115,"column":9},"end":{"line":120,"column":9}},"type":"binary-expr","locations":[{"start":{"line":115,"column":9},"end":{"line":115,"column":29}},{"start":{"line":116,"column":10},"end":{"line":119,"column":16}}],"line":115}},"s":{"0":0,"1":0,"2":0,"3":0,"4":0,"5":0,"6":0,"7":0,"8":0,"9":0,"10":0,"11":0,"12":0,"13":0,"14":0,"15":0,"16":0,"17":0,"18":0,"19":0,"20":0,"21":0,"22":0,"23":0,"24":0,"25":0,"26":0,"27":0,"28":0,"29":0,"30":0,"31":0,"32":0,"33":0,"34":0,"35":0,"36":0,"37":0,"38":0,"39":0,"40":0,"41":0,"42":0,"43":0,"44":0,"45":0,"46":0,"47":0,"48":0},"f":{"0":0,"1":0,"2":0,"3":0,"4":0,"5":0,"6":0,"7":0,"8":0,"9":0,"10":0},"b":{"0":[0],"1":[0,0],"2":[0,0],"3":[0,0],"4":[0,0],"5":[0,0],"6":[0,0],"7":[0,0],"8":[0,0],"9":[0,0],"10":[0,0],"11":[0,0],"12":[0,0],"13":[0,0],"14":[0,0],"15":[0,0],"16":[0,0],"17":[0,0],"18":[0,0],"19":[0,0],"20":[0,0],"21":[0,0],"22":[0,0],"23":[0,0]}}
,"/Users/admin/projects/deal-aggregator-facebook/components/admin/ModerationDashboard.js": {"path":"/Users/admin/projects/deal-aggregator-facebook/components/admin/ModerationDashboard.js","statementMap":{"0":{"start":{"line":15,"column":23},"end":{"line":21,"column":1}},"1":{"start":{"line":23,"column":28},"end":{"line":226,"column":1}},"2":{"start":{"line":24,"column":19},"end":{"line":24,"column":32}},"3":{"start":{"line":33,"column":6},"end":{"line":33,"column":41}},"4":{"start":{"line":33,"column":27},"end":{"line":33,"column":40}},"5":{"start":{"line":34,"column":19},"end":{"line":34,"column":51}},"6":{"start":{"line":34,"column":40},"end":{"line":34,"column":50}},"7":{"start":{"line":36,"column":38},"end":{"line":36,"column":53}},"8":{"start":{"line":39,"column":18},"end":{"line":39,"column":40}},"9":{"start":{"line":41,"column":2},"end":{"line":53,"column":41}},"10":{"start":{"line":42,"column":4},"end":{"line":49,"column":5}},"11":{"start":{"line":43,"column":6},"end":{"line":47,"column":10}},"12":{"start":{"line":48,"column":6},"end":{"line":48,"column":13}},"13":{"start":{"line":52,"column":4},"end":{"line":52,"column":15}},"14":{"start":{"line":55,"column":19},"end":{"line":71,"column":3}},"15":{"start":{"line":56,"column":4},"end":{"line":56,"column":25}},"16":{"start":{"line":56,"column":18},"end":{"line":56,"column":25}},"17":{"start":{"line":58,"column":4},"end":{"line":58,"column":27}},"18":{"start":{"line":59,"column":4},"end":{"line":70,"column":5}},"19":{"start":{"line":60,"column":6},"end":{"line":67,"column":9}},"20":{"start":{"line":69,"column":6},"end":{"line":69,"column":62}},"21":{"start":{"line":73,"column":29},"end":{"line":75,"column":3}},"22":{"start":{"line":74,"column":4},"end":{"line":74,"column":39}},"23":{"start":{"line":77,"column":24},"end":{"line":87,"column":3}},"24":{"start":{"line":78,"column":4},"end":{"line":78,"column":24}},"25":{"start":{"line":79,"column":4},"end":{"line":79,"column":21}},"26":{"start":{"line":80,"column":4},"end":{"line":80,"column":25}},"27":{"start":{"line":82,"column":4},"end":{"line":86,"column":8}},"28":{"start":{"line":89,"column":25},"end":{"line":105,"column":3}},"29":{"start":{"line":90,"column":4},"end":{"line":90,"column":48}},"30":{"start":{"line":90,"column":41},"end":{"line":90,"column":48}},"31":{"start":{"line":92,"column":4},"end":{"line":104,"column":5}},"32":{"start":{"line":93,"column":6},"end":{"line":97,"column":19}},"33":{"start":{"line":99,"column":6},"end":{"line":103,"column":10}},"34":{"start":{"line":107,"column":2},"end":{"line":116,"column":3}},"35":{"start":{"line":108,"column":4},"end":{"line":115,"column":6}},"36":{"start":{"line":118,"column":2},"end":{"line":225,"column":4}},"37":{"start":{"line":163,"column":10},"end":{"line":173,"column":19}},"38":{"start":{"line":166,"column":27},"end":{"line":166,"column":52}},"39":{"start":{"line":185,"column":16},"end":{"line":189,"column":18}}},"fnMap":{"0":{"name":"(anonymous_0)","decl":{"start":{"line":23,"column":28},"end":{"line":23,"column":29}},"loc":{"start":{"line":23,"column":34},"end":{"line":226,"column":1}},"line":23},"1":{"name":"(anonymous_1)","decl":{"start":{"line":33,"column":18},"end":{"line":33,"column":19}},"loc":{"start":{"line":33,"column":27},"end":{"line":33,"column":40}},"line":33},"2":{"name":"(anonymous_2)","decl":{"start":{"line":34,"column":31},"end":{"line":34,"column":32}},"loc":{"start":{"line":34,"column":40},"end":{"line":34,"column":50}},"line":34},"3":{"name":"(anonymous_3)","decl":{"start":{"line":41,"column":12},"end":{"line":41,"column":13}},"loc":{"start":{"line":41,"column":18},"end":{"line":53,"column":3}},"line":41},"4":{"name":"(anonymous_4)","decl":{"start":{"line":55,"column":19},"end":{"line":55,"column":20}},"loc":{"start":{"line":55,"column":31},"end":{"line":71,"column":3}},"line":55},"5":{"name":"(anonymous_5)","decl":{"start":{"line":73,"column":29},"end":{"line":73,"column":30}},"loc":{"start":{"line":73,"column":41},"end":{"line":75,"column":3}},"line":73},"6":{"name":"(anonymous_6)","decl":{"start":{"line":77,"column":24},"end":{"line":77,"column":25}},"loc":{"start":{"line":77,"column":36},"end":{"line":87,"column":3}},"line":77},"7":{"name":"(anonymous_7)","decl":{"start":{"line":89,"column":25},"end":{"line":89,"column":26}},"loc":{"start":{"line":89,"column":37},"end":{"line":105,"column":3}},"line":89},"8":{"name":"(anonymous_8)","decl":{"start":{"line":162,"column":44},"end":{"line":162,"column":45}},"loc":{"start":{"line":163,"column":10},"end":{"line":173,"column":19}},"line":163},"9":{"name":"(anonymous_9)","decl":{"start":{"line":166,"column":21},"end":{"line":166,"column":22}},"loc":{"start":{"line":166,"column":27},"end":{"line":166,"column":52}},"line":166},"10":{"name":"(anonymous_10)","decl":{"start":{"line":184,"column":27},"end":{"line":184,"column":28}},"loc":{"start":{"line":185,"column":16},"end":{"line":189,"column":18}},"line":185}},"branchMap":{"0":{"loc":{"start":{"line":42,"column":4},"end":{"line":49,"column":5}},"type":"if","locations":[{"start":{"line":42,"column":4},"end":{"line":49,"column":5}},{"start":{},"end":{}}],"line":42},"1":{"loc":{"start":{"line":56,"column":4},"end":{"line":56,"column":25}},"type":"if","locations":[{"start":{"line":56,"column":4},"end":{"line":56,"column":25}},{"start":{},"end":{}}],"line":56},"2":{"loc":{"start":{"line":90,"column":4},"end":{"line":90,"column":48}},"type":"if","locations":[{"start":{"line":90,"column":4},"end":{"line":90,"column":48}},{"start":{},"end":{}}],"line":90},"3":{"loc":{"start":{"line":90,"column":8},"end":{"line":90,"column":39}},"type":"binary-expr","locations":[{"start":{"line":90,"column":8},"end":{"line":90,"column":28}},{"start":{"line":90,"column":32},"end":{"line":90,"column":39}}],"line":90},"4":{"loc":{"start":{"line":107,"column":2},"end":{"line":116,"column":3}},"type":"if","locations":[{"start":{"line":107,"column":2},"end":{"line":116,"column":3}},{"start":{},"end":{}}],"line":107},"5":{"loc":{"start":{"line":133,"column":13},"end":{"line":137,"column":13}},"type":"cond-expr","locations":[{"start":{"line":134,"column":14},"end":{"line":134,"column":45}},{"start":{"line":136,"column":14},"end":{"line":136,"column":26}}],"line":133},"6":{"loc":{"start":{"line":151,"column":7},"end":{"line":158,"column":7}},"type":"binary-expr","locations":[{"start":{"line":151,"column":7},"end":{"line":151,"column":12}},{"start":{"line":152,"column":8},"end":{"line":157,"column":14}}],"line":151},"7":{"loc":{"start":{"line":165,"column":37},"end":{"line":165,"column":88}},"type":"cond-expr","locations":[{"start":{"line":165,"column":63},"end":{"line":165,"column":83}},{"start":{"line":165,"column":86},"end":{"line":165,"column":88}}],"line":165},"8":{"loc":{"start":{"line":170,"column":13},"end":{"line":172,"column":13}},"type":"binary-expr","locations":[{"start":{"line":170,"column":13},"end":{"line":170,"column":29}},{"start":{"line":171,"column":14},"end":{"line":171,"column":66}}],"line":170},"9":{"loc":{"start":{"line":179,"column":9},"end":{"line":222,"column":9}},"type":"cond-expr","locations":[{"start":{"line":180,"column":10},"end":{"line":180,"column":67}},{"start":{"line":181,"column":12},"end":{"line":222,"column":9}}],"line":179},"10":{"loc":{"start":{"line":179,"column":9},"end":{"line":179,"column":35}},"type":"binary-expr","locations":[{"start":{"line":179,"column":9},"end":{"line":179,"column":16}},{"start":{"line":179,"column":20},"end":{"line":179,"column":35}}],"line":179},"11":{"loc":{"start":{"line":181,"column":12},"end":{"line":222,"column":9}},"type":"cond-expr","locations":[{"start":{"line":182,"column":10},"end":{"line":209,"column":13}},{"start":{"line":211,"column":10},"end":{"line":221,"column":16}}],"line":181},"12":{"loc":{"start":{"line":194,"column":13},"end":{"line":208,"column":13}},"type":"binary-expr","locations":[{"start":{"line":194,"column":13},"end":{"line":194,"column":32}},{"start":{"line":195,"column":14},"end":{"line":207,"column":20}}],"line":194},"13":{"loc":{"start":{"line":201,"column":19},"end":{"line":205,"column":19}},"type":"cond-expr","locations":[{"start":{"line":202,"column":20},"end":{"line":202,"column":69}},{"start":{"line":204,"column":20},"end":{"line":204,"column":86}}],"line":201},"14":{"loc":{"start":{"line":215,"column":17},"end":{"line":217,"column":80}},"type":"cond-expr","locations":[{"start":{"line":216,"column":20},"end":{"line":216,"column":57}},{"start":{"line":217,"column":20},"end":{"line":217,"column":80}}],"line":215}},"s":{"0":0,"1":0,"2":0,"3":0,"4":0,"5":0,"6":0,"7":0,"8":0,"9":0,"10":0,"11":0,"12":0,"13":0,"14":0,"15":0,"16":0,"17":0,"18":0,"19":0,"20":0,"21":0,"22":0,"23":0,"24":0,"25":0,"26":0,"27":0,"28":0,"29":0,"30":0,"31":0,"32":0,"33":0,"34":0,"35":0,"36":0,"37":0,"38":0,"39":0},"f":{"0":0,"1":0,"2":0,"3":0,"4":0,"5":0,"6":0,"7":0,"8":0,"9":0,"10":0},"b":{"0":[0,0],"1":[0,0],"2":[0,0],"3":[0,0],"4":[0,0],"5":[0,0],"6":[0,0],"7":[0,0],"8":[0,0],"9":[0,0],"10":[0,0],"11":[0,0],"12":[0,0],"13":[0,0],"14":[0,0]}}
,"/Users/admin/projects/deal-aggregator-facebook/components/admin/ReportCard.js": {"path":"/Users/admin/projects/deal-aggregator-facebook/components/admin/ReportCard.js","statementMap":{"0":{"start":{"line":9,"column":22},"end":{"line":14,"column":1}},"1":{"start":{"line":16,"column":22},"end":{"line":27,"column":1}},"2":{"start":{"line":29,"column":19},"end":{"line":264,"column":1}},"3":{"start":{"line":30,"column":19},"end":{"line":30,"column":32}},"4":{"start":{"line":31,"column":38},"end":{"line":31,"column":53}},"5":{"start":{"line":32,"column":34},"end":{"line":32,"column":49}},"6":{"start":{"line":33,"column":42},"end":{"line":33,"column":54}},"7":{"start":{"line":35,"column":23},"end":{"line":35,"column":51}},"8":{"start":{"line":36,"column":21},"end":{"line":36,"column":65}},"9":{"start":{"line":39,"column":27},"end":{"line":42,"column":4}},"10":{"start":{"line":44,"column":29},"end":{"line":73,"column":3}},"11":{"start":{"line":45,"column":4},"end":{"line":45,"column":25}},"12":{"start":{"line":45,"column":18},"end":{"line":45,"column":25}},"13":{"start":{"line":47,"column":4},"end":{"line":47,"column":22}},"14":{"start":{"line":48,"column":4},"end":{"line":72,"column":5}},"15":{"start":{"line":49,"column":6},"end":{"line":53,"column":19}},"16":{"start":{"line":55,"column":6},"end":{"line":59,"column":10}},"17":{"start":{"line":61,"column":6},"end":{"line":61,"column":26}},"18":{"start":{"line":62,"column":6},"end":{"line":62,"column":31}},"19":{"start":{"line":62,"column":20},"end":{"line":62,"column":31}},"20":{"start":{"line":65,"column":6},"end":{"line":69,"column":10}},"21":{"start":{"line":71,"column":6},"end":{"line":71,"column":25}},"22":{"start":{"line":75,"column":25},"end":{"line":77,"column":3}},"23":{"start":{"line":76,"column":4},"end":{"line":76,"column":31}},"24":{"start":{"line":79,"column":27},"end":{"line":86,"column":3}},"25":{"start":{"line":80,"column":25},"end":{"line":80,"column":71}},"26":{"start":{"line":81,"column":27},"end":{"line":81,"column":68}},"27":{"start":{"line":83,"column":4},"end":{"line":83,"column":73}},"28":{"start":{"line":83,"column":46},"end":{"line":83,"column":73}},"29":{"start":{"line":84,"column":4},"end":{"line":84,"column":77}},"30":{"start":{"line":84,"column":48},"end":{"line":84,"column":77}},"31":{"start":{"line":85,"column":4},"end":{"line":85,"column":30}},"32":{"start":{"line":88,"column":2},"end":{"line":263,"column":4}},"33":{"start":{"line":171,"column":33},"end":{"line":171,"column":64}},"34":{"start":{"line":179,"column":33},"end":{"line":179,"column":64}},"35":{"start":{"line":187,"column":33},"end":{"line":187,"column":67}},"36":{"start":{"line":204,"column":35},"end":{"line":204,"column":66}},"37":{"start":{"line":214,"column":33},"end":{"line":214,"column":64}},"38":{"start":{"line":222,"column":33},"end":{"line":222,"column":67}},"39":{"start":{"line":246,"column":33},"end":{"line":246,"column":62}}},"fnMap":{"0":{"name":"(anonymous_0)","decl":{"start":{"line":29,"column":19},"end":{"line":29,"column":20}},"loc":{"start":{"line":29,"column":45},"end":{"line":264,"column":1}},"line":29},"1":{"name":"(anonymous_1)","decl":{"start":{"line":44,"column":29},"end":{"line":44,"column":30}},"loc":{"start":{"line":44,"column":50},"end":{"line":73,"column":3}},"line":44},"2":{"name":"(anonymous_2)","decl":{"start":{"line":75,"column":25},"end":{"line":75,"column":26}},"loc":{"start":{"line":75,"column":31},"end":{"line":77,"column":3}},"line":75},"3":{"name":"(anonymous_3)","decl":{"start":{"line":79,"column":27},"end":{"line":79,"column":28}},"loc":{"start":{"line":79,"column":33},"end":{"line":86,"column":3}},"line":79},"4":{"name":"(anonymous_4)","decl":{"start":{"line":171,"column":27},"end":{"line":171,"column":28}},"loc":{"start":{"line":171,"column":33},"end":{"line":171,"column":64}},"line":171},"5":{"name":"(anonymous_5)","decl":{"start":{"line":179,"column":27},"end":{"line":179,"column":28}},"loc":{"start":{"line":179,"column":33},"end":{"line":179,"column":64}},"line":179},"6":{"name":"(anonymous_6)","decl":{"start":{"line":187,"column":27},"end":{"line":187,"column":28}},"loc":{"start":{"line":187,"column":33},"end":{"line":187,"column":67}},"line":187},"7":{"name":"(anonymous_7)","decl":{"start":{"line":204,"column":28},"end":{"line":204,"column":29}},"loc":{"start":{"line":204,"column":35},"end":{"line":204,"column":66}},"line":204},"8":{"name":"(anonymous_8)","decl":{"start":{"line":214,"column":27},"end":{"line":214,"column":28}},"loc":{"start":{"line":214,"column":33},"end":{"line":214,"column":64}},"line":214},"9":{"name":"(anonymous_9)","decl":{"start":{"line":222,"column":27},"end":{"line":222,"column":28}},"loc":{"start":{"line":222,"column":33},"end":{"line":222,"column":67}},"line":222},"10":{"name":"(anonymous_10)","decl":{"start":{"line":246,"column":27},"end":{"line":246,"column":28}},"loc":{"start":{"line":246,"column":33},"end":{"line":246,"column":62}},"line":246}},"branchMap":{"0":{"loc":{"start":{"line":39,"column":46},"end":{"line":39,"column":75}},"type":"binary-expr","locations":[{"start":{"line":39,"column":46},"end":{"line":39,"column":69}},{"start":{"line":39,"column":73},"end":{"line":39,"column":75}}],"line":39},"1":{"loc":{"start":{"line":45,"column":4},"end":{"line":45,"column":25}},"type":"if","locations":[{"start":{"line":45,"column":4},"end":{"line":45,"column":25}},{"start":{},"end":{}}],"line":45},"2":{"loc":{"start":{"line":52,"column":16},"end":{"line":52,"column":48}},"type":"binary-expr","locations":[{"start":{"line":52,"column":16},"end":{"line":52,"column":35}},{"start":{"line":52,"column":39},"end":{"line":52,"column":48}}],"line":52},"3":{"loc":{"start":{"line":62,"column":6},"end":{"line":62,"column":31}},"type":"if","locations":[{"start":{"line":62,"column":6},"end":{"line":62,"column":31}},{"start":{},"end":{}}],"line":62},"4":{"loc":{"start":{"line":67,"column":17},"end":{"line":67,"column":66}},"type":"binary-expr","locations":[{"start":{"line":67,"column":17},"end":{"line":67,"column":30}},{"start":{"line":67,"column":34},"end":{"line":67,"column":66}}],"line":67},"5":{"loc":{"start":{"line":83,"column":4},"end":{"line":83,"column":73}},"type":"if","locations":[{"start":{"line":83,"column":4},"end":{"line":83,"column":73}},{"start":{},"end":{}}],"line":83},"6":{"loc":{"start":{"line":84,"column":4},"end":{"line":84,"column":77}},"type":"if","locations":[{"start":{"line":84,"column":4},"end":{"line":84,"column":77}},{"start":{},"end":{}}],"line":84},"7":{"loc":{"start":{"line":111,"column":25},"end":{"line":111,"column":59}},"type":"cond-expr","locations":[{"start":{"line":111,"column":38},"end":{"line":111,"column":48}},{"start":{"line":111,"column":51},"end":{"line":111,"column":59}}],"line":111},"8":{"loc":{"start":{"line":113,"column":11},"end":{"line":113,"column":33}},"type":"cond-expr","locations":[{"start":{"line":113,"column":24},"end":{"line":113,"column":27}},{"start":{"line":113,"column":30},"end":{"line":113,"column":33}}],"line":113},"9":{"loc":{"start":{"line":121,"column":11},"end":{"line":121,"column":56}},"type":"binary-expr","locations":[{"start":{"line":121,"column":11},"end":{"line":121,"column":39}},{"start":{"line":121,"column":43},"end":{"line":121,"column":56}}],"line":121},"10":{"loc":{"start":{"line":126,"column":7},"end":{"line":130,"column":7}},"type":"binary-expr","locations":[{"start":{"line":126,"column":7},"end":{"line":126,"column":25}},{"start":{"line":127,"column":8},"end":{"line":129,"column":14}}],"line":126},"11":{"loc":{"start":{"line":136,"column":11},"end":{"line":138,"column":11}},"type":"binary-expr","locations":[{"start":{"line":136,"column":11},"end":{"line":136,"column":32}},{"start":{"line":137,"column":12},"end":{"line":137,"column":73}}],"line":136},"12":{"loc":{"start":{"line":143,"column":39},"end":{"line":143,"column":83}},"type":"cond-expr","locations":[{"start":{"line":143,"column":53},"end":{"line":143,"column":78}},{"start":{"line":143,"column":81},"end":{"line":143,"column":83}}],"line":143},"13":{"loc":{"start":{"line":147,"column":11},"end":{"line":151,"column":11}},"type":"binary-expr","locations":[{"start":{"line":147,"column":11},"end":{"line":147,"column":22}},{"start":{"line":147,"column":26},"end":{"line":147,"column":55}},{"start":{"line":148,"column":12},"end":{"line":150,"column":21}}],"line":147},"14":{"loc":{"start":{"line":154,"column":9},"end":{"line":158,"column":9}},"type":"binary-expr","locations":[{"start":{"line":154,"column":9},"end":{"line":154,"column":29}},{"start":{"line":155,"column":10},"end":{"line":157,"column":16}}],"line":154},"15":{"loc":{"start":{"line":162,"column":7},"end":{"line":261,"column":7}},"type":"binary-expr","locations":[{"start":{"line":162,"column":7},"end":{"line":162,"column":17}},{"start":{"line":163,"column":8},"end":{"line":260,"column":14}}],"line":162},"16":{"loc":{"start":{"line":164,"column":11},"end":{"line":194,"column":11}},"type":"binary-expr","locations":[{"start":{"line":164,"column":11},"end":{"line":164,"column":38}},{"start":{"line":165,"column":12},"end":{"line":193,"column":18}}],"line":164},"17":{"loc":{"start":{"line":196,"column":11},"end":{"line":229,"column":11}},"type":"binary-expr","locations":[{"start":{"line":196,"column":11},"end":{"line":196,"column":40}},{"start":{"line":197,"column":12},"end":{"line":228,"column":18}}],"line":196},"18":{"loc":{"start":{"line":231,"column":11},"end":{"line":253,"column":11}},"type":"binary-expr","locations":[{"start":{"line":231,"column":12},"end":{"line":231,"column":41}},{"start":{"line":231,"column":45},"end":{"line":231,"column":77}},{"start":{"line":232,"column":12},"end":{"line":252,"column":18}}],"line":231},"19":{"loc":{"start":{"line":236,"column":17},"end":{"line":240,"column":17}},"type":"binary-expr","locations":[{"start":{"line":236,"column":17},"end":{"line":236,"column":36}},{"start":{"line":237,"column":18},"end":{"line":239,"column":24}}],"line":236},"20":{"loc":{"start":{"line":243,"column":15},"end":{"line":251,"column":15}},"type":"binary-expr","locations":[{"start":{"line":243,"column":15},"end":{"line":243,"column":42}},{"start":{"line":244,"column":16},"end":{"line":250,"column":25}}],"line":243},"21":{"loc":{"start":{"line":255,"column":11},"end":{"line":259,"column":11}},"type":"binary-expr","locations":[{"start":{"line":255,"column":11},"end":{"line":255,"column":19}},{"start":{"line":256,"column":12},"end":{"line":258,"column":18}}],"line":255}},"s":{"0":0,"1":0,"2":0,"3":0,"4":0,"5":0,"6":0,"7":0,"8":0,"9":0,"10":0,"11":0,"12":0,"13":0,"14":0,"15":0,"16":0,"17":0,"18":0,"19":0,"20":0,"21":0,"22":0,"23":0,"24":0,"25":0,"26":0,"27":0,"28":0,"29":0,"30":0,"31":0,"32":0,"33":0,"34":0,"35":0,"36":0,"37":0,"38":0,"39":0},"f":{"0":0,"1":0,"2":0,"3":0,"4":0,"5":0,"6":0,"7":0,"8":0,"9":0,"10":0},"b":{"0":[0,0],"1":[0,0],"2":[0,0],"3":[0,0],"4":[0,0],"5":[0,0],"6":[0,0],"7":[0,0],"8":[0,0],"9":[0,0],"10":[0,0],"11":[0,0],"12":[0,0],"13":[0,0,0],"14":[0,0],"15":[0,0],"16":[0,0],"17":[0,0],"18":[0,0,0],"19":[0,0],"20":[0,0],"21":[0,0]}}
,"/Users/admin/projects/deal-aggregator-facebook/components/admin/ReportStats.js": {"path":"/Users/admin/projects/deal-aggregator-facebook/components/admin/ReportStats.js","statementMap":{"0":{"start":{"line":5,"column":20},"end":{"line":30,"column":1}},"1":{"start":{"line":32,"column":20},"end":{"line":142,"column":1}},"2":{"start":{"line":33,"column":26},"end":{"line":37,"column":3}},"3":{"start":{"line":34,"column":4},"end":{"line":36,"column":5}},"4":{"start":{"line":35,"column":6},"end":{"line":35,"column":29}},"5":{"start":{"line":39,"column":2},"end":{"line":45,"column":3}},"6":{"start":{"line":40,"column":4},"end":{"line":44,"column":6}},"7":{"start":{"line":48,"column":24},"end":{"line":50,"column":3}},"8":{"start":{"line":49,"column":4},"end":{"line":49,"column":73}},"9":{"start":{"line":52,"column":2},"end":{"line":141,"column":4}},"10":{"start":{"line":64,"column":24},"end":{"line":64,"column":39}},"11":{"start":{"line":65,"column":29},"end":{"line":65,"column":49}},"12":{"start":{"line":66,"column":27},"end":{"line":66,"column":48}},"13":{"start":{"line":68,"column":10},"end":{"line":110,"column":12}},"14":{"start":{"line":72,"column":29},"end":{"line":72,"column":49}},"15":{"start":{"line":118,"column":25},"end":{"line":118,"column":47}},"16":{"start":{"line":126,"column":27},"end":{"line":126,"column":53}},"17":{"start":{"line":145,"column":24},"end":{"line":151,"column":1}},"18":{"start":{"line":146,"column":23},"end":{"line":146,"column":72}},"19":{"start":{"line":148,"column":2},"end":{"line":148,"column":53}},"20":{"start":{"line":148,"column":27},"end":{"line":148,"column":53}},"21":{"start":{"line":149,"column":2},"end":{"line":149,"column":52}},"22":{"start":{"line":149,"column":27},"end":{"line":149,"column":52}},"23":{"start":{"line":150,"column":2},"end":{"line":150,"column":24}},"24":{"start":{"line":153,"column":25},"end":{"line":160,"column":1}},"25":{"start":{"line":154,"column":23},"end":{"line":154,"column":72}},"26":{"start":{"line":156,"column":2},"end":{"line":156,"column":52}},"27":{"start":{"line":156,"column":25},"end":{"line":156,"column":52}},"28":{"start":{"line":157,"column":2},"end":{"line":157,"column":89}},"29":{"start":{"line":157,"column":27},"end":{"line":157,"column":89}},"30":{"start":{"line":158,"column":2},"end":{"line":158,"column":64}},"31":{"start":{"line":158,"column":27},"end":{"line":158,"column":64}},"32":{"start":{"line":159,"column":2},"end":{"line":159,"column":49}}},"fnMap":{"0":{"name":"(anonymous_0)","decl":{"start":{"line":32,"column":20},"end":{"line":32,"column":21}},"loc":{"start":{"line":32,"column":75},"end":{"line":142,"column":1}},"line":32},"1":{"name":"(anonymous_1)","decl":{"start":{"line":33,"column":26},"end":{"line":33,"column":27}},"loc":{"start":{"line":33,"column":38},"end":{"line":37,"column":3}},"line":33},"2":{"name":"(anonymous_2)","decl":{"start":{"line":48,"column":24},"end":{"line":48,"column":25}},"loc":{"start":{"line":48,"column":35},"end":{"line":50,"column":3}},"line":48},"3":{"name":"(anonymous_3)","decl":{"start":{"line":63,"column":41},"end":{"line":63,"column":42}},"loc":{"start":{"line":63,"column":60},"end":{"line":111,"column":9}},"line":63},"4":{"name":"(anonymous_4)","decl":{"start":{"line":72,"column":23},"end":{"line":72,"column":24}},"loc":{"start":{"line":72,"column":29},"end":{"line":72,"column":49}},"line":72},"5":{"name":"(anonymous_5)","decl":{"start":{"line":118,"column":19},"end":{"line":118,"column":20}},"loc":{"start":{"line":118,"column":25},"end":{"line":118,"column":47}},"line":118},"6":{"name":"(anonymous_6)","decl":{"start":{"line":126,"column":21},"end":{"line":126,"column":22}},"loc":{"start":{"line":126,"column":27},"end":{"line":126,"column":53}},"line":126},"7":{"name":"(anonymous_7)","decl":{"start":{"line":145,"column":24},"end":{"line":145,"column":25}},"loc":{"start":{"line":145,"column":35},"end":{"line":151,"column":1}},"line":145},"8":{"name":"(anonymous_8)","decl":{"start":{"line":153,"column":25},"end":{"line":153,"column":26}},"loc":{"start":{"line":153,"column":36},"end":{"line":160,"column":1}},"line":153}},"branchMap":{"0":{"loc":{"start":{"line":34,"column":4},"end":{"line":36,"column":5}},"type":"if","locations":[{"start":{"line":34,"column":4},"end":{"line":36,"column":5}},{"start":{},"end":{}}],"line":34},"1":{"loc":{"start":{"line":39,"column":2},"end":{"line":45,"column":3}},"type":"if","locations":[{"start":{"line":39,"column":2},"end":{"line":45,"column":3}},{"start":{},"end":{}}],"line":39},"2":{"loc":{"start":{"line":39,"column":6},"end":{"line":39,"column":34}},"type":"binary-expr","locations":[{"start":{"line":39,"column":6},"end":{"line":39,"column":13}},{"start":{"line":39,"column":17},"end":{"line":39,"column":34}}],"line":39},"3":{"loc":{"start":{"line":49,"column":11},"end":{"line":49,"column":72}},"type":"cond-expr","locations":[{"start":{"line":49,"column":29},"end":{"line":49,"column":68}},{"start":{"line":49,"column":71},"end":{"line":49,"column":72}}],"line":49},"4":{"loc":{"start":{"line":64,"column":24},"end":{"line":64,"column":39}},"type":"binary-expr","locations":[{"start":{"line":64,"column":24},"end":{"line":64,"column":34}},{"start":{"line":64,"column":38},"end":{"line":64,"column":39}}],"line":64},"5":{"loc":{"start":{"line":71,"column":38},"end":{"line":71,"column":73}},"type":"cond-expr","locations":[{"start":{"line":71,"column":49},"end":{"line":71,"column":68}},{"start":{"line":71,"column":71},"end":{"line":71,"column":73}}],"line":71},"6":{"loc":{"start":{"line":71,"column":77},"end":{"line":71,"column":114}},"type":"cond-expr","locations":[{"start":{"line":71,"column":91},"end":{"line":71,"column":109}},{"start":{"line":71,"column":112},"end":{"line":71,"column":114}}],"line":71},"7":{"loc":{"start":{"line":104,"column":15},"end":{"line":108,"column":15}},"type":"binary-expr","locations":[{"start":{"line":104,"column":15},"end":{"line":104,"column":24}},{"start":{"line":105,"column":16},"end":{"line":107,"column":22}}],"line":104},"8":{"loc":{"start":{"line":117,"column":37},"end":{"line":117,"column":90}},"type":"cond-expr","locations":[{"start":{"line":117,"column":63},"end":{"line":117,"column":85}},{"start":{"line":117,"column":88},"end":{"line":117,"column":90}}],"line":117},"9":{"loc":{"start":{"line":123,"column":9},"end":{"line":130,"column":9}},"type":"binary-expr","locations":[{"start":{"line":123,"column":9},"end":{"line":123,"column":26}},{"start":{"line":124,"column":10},"end":{"line":129,"column":19}}],"line":123},"10":{"loc":{"start":{"line":125,"column":39},"end":{"line":125,"column":96}},"type":"cond-expr","locations":[{"start":{"line":125,"column":69},"end":{"line":125,"column":91}},{"start":{"line":125,"column":94},"end":{"line":125,"column":96}}],"line":125},"11":{"loc":{"start":{"line":128,"column":36},"end":{"line":128,"column":66}},"type":"cond-expr","locations":[{"start":{"line":128,"column":58},"end":{"line":128,"column":61}},{"start":{"line":128,"column":64},"end":{"line":128,"column":66}}],"line":128},"12":{"loc":{"start":{"line":146,"column":23},"end":{"line":146,"column":72}},"type":"cond-expr","locations":[{"start":{"line":146,"column":41},"end":{"line":146,"column":68}},{"start":{"line":146,"column":71},"end":{"line":146,"column":72}}],"line":146},"13":{"loc":{"start":{"line":148,"column":2},"end":{"line":148,"column":53}},"type":"if","locations":[{"start":{"line":148,"column":2},"end":{"line":148,"column":53}},{"start":{},"end":{}}],"line":148},"14":{"loc":{"start":{"line":149,"column":2},"end":{"line":149,"column":52}},"type":"if","locations":[{"start":{"line":149,"column":2},"end":{"line":149,"column":52}},{"start":{},"end":{}}],"line":149},"15":{"loc":{"start":{"line":154,"column":23},"end":{"line":154,"column":72}},"type":"cond-expr","locations":[{"start":{"line":154,"column":41},"end":{"line":154,"column":68}},{"start":{"line":154,"column":71},"end":{"line":154,"column":72}}],"line":154},"16":{"loc":{"start":{"line":156,"column":2},"end":{"line":156,"column":52}},"type":"if","locations":[{"start":{"line":156,"column":2},"end":{"line":156,"column":52}},{"start":{},"end":{}}],"line":156},"17":{"loc":{"start":{"line":157,"column":2},"end":{"line":157,"column":89}},"type":"if","locations":[{"start":{"line":157,"column":2},"end":{"line":157,"column":89}},{"start":{},"end":{}}],"line":157},"18":{"loc":{"start":{"line":158,"column":2},"end":{"line":158,"column":64}},"type":"if","locations":[{"start":{"line":158,"column":2},"end":{"line":158,"column":64}},{"start":{},"end":{}}],"line":158}},"s":{"0":0,"1":0,"2":0,"3":0,"4":0,"5":0,"6":0,"7":0,"8":0,"9":0,"10":0,"11":0,"12":0,"13":0,"14":0,"15":0,"16":0,"17":0,"18":0,"19":0,"20":0,"21":0,"22":0,"23":0,"24":0,"25":0,"26":0,"27":0,"28":0,"29":0,"30":0,"31":0,"32":0},"f":{"0":0,"1":0,"2":0,"3":0,"4":0,"5":0,"6":0,"7":0,"8":0},"b":{"0":[0,0],"1":[0,0],"2":[0,0],"3":[0,0],"4":[0,0],"5":[0,0],"6":[0,0],"7":[0,0],"8":[0,0],"9":[0,0],"10":[0,0],"11":[0,0],"12":[0,0],"13":[0,0],"14":[0,0],"15":[0,0],"16":[0,0],"17":[0,0],"18":[0,0]}}
,"/Users/admin/projects/deal-aggregator-facebook/components/comments/CommentCard.js": {"path":"/Users/admin/projects/deal-aggregator-facebook/components/comments/CommentCard.js","statementMap":{"0":{"start":{"line":9,"column":20},"end":{"line":239,"column":1}},"1":{"start":{"line":10,"column":19},"end":{"line":10,"column":32}},"2":{"start":{"line":11,"column":36},"end":{"line":11,"column":68}},"3":{"start":{"line":11,"column":57},"end":{"line":11,"column":67}},"4":{"start":{"line":12,"column":30},"end":{"line":12,"column":66}},"5":{"start":{"line":12,"column":51},"end":{"line":12,"column":65}},"6":{"start":{"line":14,"column":44},"end":{"line":14,"column":59}},"7":{"start":{"line":15,"column":36},"end":{"line":15,"column":51}},"8":{"start":{"line":17,"column":18},"end":{"line":17,"column":66}},"9":{"start":{"line":18,"column":21},"end":{"line":18,"column":66}},"10":{"start":{"line":19,"column":21},"end":{"line":19,"column":52}},"11":{"start":{"line":20,"column":19},"end":{"line":20,"column":20}},"12":{"start":{"line":22,"column":22},"end":{"line":22,"column":71}},"13":{"start":{"line":23,"column":22},"end":{"line":23,"column":99}},"14":{"start":{"line":26,"column":27},"end":{"line":29,"column":4}},"15":{"start":{"line":31,"column":22},"end":{"line":41,"column":3}},"16":{"start":{"line":32,"column":4},"end":{"line":39,"column":5}},"17":{"start":{"line":33,"column":6},"end":{"line":37,"column":10}},"18":{"start":{"line":38,"column":6},"end":{"line":38,"column":13}},"19":{"start":{"line":40,"column":4},"end":{"line":40,"column":37}},"20":{"start":{"line":43,"column":21},"end":{"line":45,"column":3}},"21":{"start":{"line":44,"column":4},"end":{"line":44,"column":29}},"22":{"start":{"line":47,"column":23},"end":{"line":64,"column":3}},"23":{"start":{"line":48,"column":4},"end":{"line":63,"column":5}},"24":{"start":{"line":49,"column":6},"end":{"line":62,"column":7}},"25":{"start":{"line":50,"column":8},"end":{"line":50,"column":59}},"26":{"start":{"line":51,"column":8},"end":{"line":55,"column":12}},"27":{"start":{"line":57,"column":8},"end":{"line":61,"column":12}},"28":{"start":{"line":66,"column":23},"end":{"line":84,"column":3}},"29":{"start":{"line":67,"column":4},"end":{"line":74,"column":5}},"30":{"start":{"line":68,"column":6},"end":{"line":72,"column":10}},"31":{"start":{"line":73,"column":6},"end":{"line":73,"column":13}},"32":{"start":{"line":76,"column":4},"end":{"line":83,"column":7}},"33":{"start":{"line":86,"column":30},"end":{"line":88,"column":3}},"34":{"start":{"line":87,"column":4},"end":{"line":87,"column":40}},"35":{"start":{"line":90,"column":29},"end":{"line":96,"column":3}},"36":{"start":{"line":91,"column":4},"end":{"line":91,"column":28}},"37":{"start":{"line":93,"column":4},"end":{"line":95,"column":5}},"38":{"start":{"line":94,"column":6},"end":{"line":94,"column":42}},"39":{"start":{"line":98,"column":28},"end":{"line":100,"column":3}},"40":{"start":{"line":99,"column":4},"end":{"line":99,"column":24}},"41":{"start":{"line":103,"column":27},"end":{"line":105,"column":3}},"42":{"start":{"line":107,"column":2},"end":{"line":238,"column":4}},"43":{"start":{"line":165,"column":14},"end":{"line":167,"column":15}},"44":{"start":{"line":166,"column":16},"end":{"line":166,"column":44}},"45":{"start":{"line":169,"column":28},"end":{"line":169,"column":47}},"46":{"start":{"line":210,"column":16},"end":{"line":212,"column":17}},"47":{"start":{"line":211,"column":18},"end":{"line":211,"column":47}},"48":{"start":{"line":214,"column":30},"end":{"line":214,"column":53}},"49":{"start":{"line":227,"column":12},"end":{"line":233,"column":14}}},"fnMap":{"0":{"name":"(anonymous_0)","decl":{"start":{"line":9,"column":20},"end":{"line":9,"column":21}},"loc":{"start":{"line":9,"column":65},"end":{"line":239,"column":1}},"line":9},"1":{"name":"(anonymous_1)","decl":{"start":{"line":11,"column":48},"end":{"line":11,"column":49}},"loc":{"start":{"line":11,"column":57},"end":{"line":11,"column":67}},"line":11},"2":{"name":"(anonymous_2)","decl":{"start":{"line":12,"column":42},"end":{"line":12,"column":43}},"loc":{"start":{"line":12,"column":51},"end":{"line":12,"column":65}},"line":12},"3":{"name":"(anonymous_3)","decl":{"start":{"line":31,"column":22},"end":{"line":31,"column":23}},"loc":{"start":{"line":31,"column":28},"end":{"line":41,"column":3}},"line":31},"4":{"name":"(anonymous_4)","decl":{"start":{"line":43,"column":21},"end":{"line":43,"column":22}},"loc":{"start":{"line":43,"column":27},"end":{"line":45,"column":3}},"line":43},"5":{"name":"(anonymous_5)","decl":{"start":{"line":47,"column":23},"end":{"line":47,"column":24}},"loc":{"start":{"line":47,"column":35},"end":{"line":64,"column":3}},"line":47},"6":{"name":"(anonymous_6)","decl":{"start":{"line":66,"column":23},"end":{"line":66,"column":24}},"loc":{"start":{"line":66,"column":29},"end":{"line":84,"column":3}},"line":66},"7":{"name":"(anonymous_7)","decl":{"start":{"line":86,"column":30},"end":{"line":86,"column":31}},"loc":{"start":{"line":86,"column":36},"end":{"line":88,"column":3}},"line":86},"8":{"name":"(anonymous_8)","decl":{"start":{"line":90,"column":29},"end":{"line":90,"column":30}},"loc":{"start":{"line":90,"column":35},"end":{"line":96,"column":3}},"line":90},"9":{"name":"(anonymous_9)","decl":{"start":{"line":98,"column":28},"end":{"line":98,"column":29}},"loc":{"start":{"line":98,"column":34},"end":{"line":100,"column":3}},"line":98},"10":{"name":"(anonymous_10)","decl":{"start":{"line":164,"column":22},"end":{"line":164,"column":23}},"loc":{"start":{"line":164,"column":35},"end":{"line":168,"column":13}},"line":164},"11":{"name":"(anonymous_11)","decl":{"start":{"line":169,"column":22},"end":{"line":169,"column":23}},"loc":{"start":{"line":169,"column":28},"end":{"line":169,"column":47}},"line":169},"12":{"name":"(anonymous_12)","decl":{"start":{"line":209,"column":24},"end":{"line":209,"column":25}},"loc":{"start":{"line":209,"column":37},"end":{"line":213,"column":15}},"line":209},"13":{"name":"(anonymous_13)","decl":{"start":{"line":214,"column":24},"end":{"line":214,"column":25}},"loc":{"start":{"line":214,"column":30},"end":{"line":214,"column":53}},"line":214},"14":{"name":"(anonymous_14)","decl":{"start":{"line":226,"column":31},"end":{"line":226,"column":32}},"loc":{"start":{"line":227,"column":12},"end":{"line":233,"column":14}},"line":227}},"branchMap":{"0":{"loc":{"start":{"line":9,"column":32},"end":{"line":9,"column":41}},"type":"default-arg","locations":[{"start":{"line":9,"column":40},"end":{"line":9,"column":41}}],"line":9},"1":{"loc":{"start":{"line":17,"column":18},"end":{"line":17,"column":66}},"type":"binary-expr","locations":[{"start":{"line":17,"column":18},"end":{"line":17,"column":33}},{"start":{"line":17,"column":37},"end":{"line":17,"column":66}}],"line":17},"2":{"loc":{"start":{"line":18,"column":21},"end":{"line":18,"column":66}},"type":"binary-expr","locations":[{"start":{"line":18,"column":21},"end":{"line":18,"column":36}},{"start":{"line":18,"column":40},"end":{"line":18,"column":66}}],"line":18},"3":{"loc":{"start":{"line":23,"column":22},"end":{"line":23,"column":99}},"type":"cond-expr","locations":[{"start":{"line":23,"column":43},"end":{"line":23,"column":92}},{"start":{"line":23,"column":95},"end":{"line":23,"column":99}}],"line":23},"4":{"loc":{"start":{"line":32,"column":4},"end":{"line":39,"column":5}},"type":"if","locations":[{"start":{"line":32,"column":4},"end":{"line":39,"column":5}},{"start":{},"end":{}}],"line":32},"5":{"loc":{"start":{"line":48,"column":4},"end":{"line":63,"column":5}},"type":"if","locations":[{"start":{"line":48,"column":4},"end":{"line":63,"column":5}},{"start":{},"end":{}}],"line":48},"6":{"loc":{"start":{"line":59,"column":19},"end":{"line":59,"column":62}},"type":"binary-expr","locations":[{"start":{"line":59,"column":19},"end":{"line":59,"column":32}},{"start":{"line":59,"column":36},"end":{"line":59,"column":62}}],"line":59},"7":{"loc":{"start":{"line":67,"column":4},"end":{"line":74,"column":5}},"type":"if","locations":[{"start":{"line":67,"column":4},"end":{"line":74,"column":5}},{"start":{},"end":{}}],"line":67},"8":{"loc":{"start":{"line":93,"column":4},"end":{"line":95,"column":5}},"type":"if","locations":[{"start":{"line":93,"column":4},"end":{"line":95,"column":5}},{"start":{},"end":{}}],"line":93},"9":{"loc":{"start":{"line":120,"column":15},"end":{"line":122,"column":29}},"type":"cond-expr","locations":[{"start":{"line":121,"column":18},"end":{"line":121,"column":42}},{"start":{"line":122,"column":18},"end":{"line":122,"column":29}}],"line":120},"10":{"loc":{"start":{"line":120,"column":15},"end":{"line":120,"column":57}},"type":"binary-expr","locations":[{"start":{"line":120,"column":15},"end":{"line":120,"column":26}},{"start":{"line":120,"column":30},"end":{"line":120,"column":57}}],"line":120},"11":{"loc":{"start":{"line":125,"column":13},"end":{"line":127,"column":13}},"type":"binary-expr","locations":[{"start":{"line":125,"column":13},"end":{"line":125,"column":33}},{"start":{"line":126,"column":14},"end":{"line":126,"column":64}}],"line":125},"12":{"loc":{"start":{"line":131,"column":13},"end":{"line":156,"column":13}},"type":"cond-expr","locations":[{"start":{"line":132,"column":14},"end":{"line":147,"column":17}},{"start":{"line":149,"column":14},"end":{"line":155,"column":23}}],"line":131},"13":{"loc":{"start":{"line":161,"column":9},"end":{"line":179,"column":9}},"type":"cond-expr","locations":[{"start":{"line":162,"column":10},"end":{"line":173,"column":12}},{"start":{"line":175,"column":10},"end":{"line":178,"column":12}}],"line":161},"14":{"loc":{"start":{"line":165,"column":14},"end":{"line":167,"column":15}},"type":"if","locations":[{"start":{"line":165,"column":14},"end":{"line":167,"column":15}},{"start":{},"end":{}}],"line":165},"15":{"loc":{"start":{"line":188,"column":13},"end":{"line":188,"column":62}},"type":"cond-expr","locations":[{"start":{"line":188,"column":33},"end":{"line":188,"column":52}},{"start":{"line":188,"column":55},"end":{"line":188,"column":62}}],"line":188},"16":{"loc":{"start":{"line":191,"column":11},"end":{"line":201,"column":11}},"type":"binary-expr","locations":[{"start":{"line":191,"column":11},"end":{"line":191,"column":21}},{"start":{"line":192,"column":12},"end":{"line":200,"column":21}}],"line":191},"17":{"loc":{"start":{"line":196,"column":29},"end":{"line":196,"column":57}},"type":"cond-expr","locations":[{"start":{"line":196,"column":42},"end":{"line":196,"column":48}},{"start":{"line":196,"column":51},"end":{"line":196,"column":57}}],"line":196},"18":{"loc":{"start":{"line":198,"column":15},"end":{"line":198,"column":37}},"type":"cond-expr","locations":[{"start":{"line":198,"column":28},"end":{"line":198,"column":31}},{"start":{"line":198,"column":34},"end":{"line":198,"column":37}}],"line":198},"19":{"loc":{"start":{"line":199,"column":44},"end":{"line":199,"column":86}},"type":"cond-expr","locations":[{"start":{"line":199,"column":75},"end":{"line":199,"column":78}},{"start":{"line":199,"column":81},"end":{"line":199,"column":86}}],"line":199},"20":{"loc":{"start":{"line":205,"column":9},"end":{"line":220,"column":9}},"type":"binary-expr","locations":[{"start":{"line":205,"column":9},"end":{"line":205,"column":22}},{"start":{"line":206,"column":10},"end":{"line":219,"column":16}}],"line":205},"21":{"loc":{"start":{"line":210,"column":16},"end":{"line":212,"column":17}},"type":"if","locations":[{"start":{"line":210,"column":16},"end":{"line":212,"column":17}},{"start":{},"end":{}}],"line":210},"22":{"loc":{"start":{"line":224,"column":7},"end":{"line":236,"column":7}},"type":"binary-expr","locations":[{"start":{"line":224,"column":7},"end":{"line":224,"column":17}},{"start":{"line":224,"column":21},"end":{"line":224,"column":31}},{"start":{"line":225,"column":8},"end":{"line":235,"column":14}}],"line":224}},"s":{"0":0,"1":0,"2":0,"3":0,"4":0,"5":0,"6":0,"7":0,"8":0,"9":0,"10":0,"11":0,"12":0,"13":0,"14":0,"15":0,"16":0,"17":0,"18":0,"19":0,"20":0,"21":0,"22":0,"23":0,"24":0,"25":0,"26":0,"27":0,"28":0,"29":0,"30":0,"31":0,"32":0,"33":0,"34":0,"35":0,"36":0,"37":0,"38":0,"39":0,"40":0,"41":0,"42":0,"43":0,"44":0,"45":0,"46":0,"47":0,"48":0,"49":0},"f":{"0":0,"1":0,"2":0,"3":0,"4":0,"5":0,"6":0,"7":0,"8":0,"9":0,"10":0,"11":0,"12":0,"13":0,"14":0},"b":{"0":[0],"1":[0,0],"2":[0,0],"3":[0,0],"4":[0,0],"5":[0,0],"6":[0,0],"7":[0,0],"8":[0,0],"9":[0,0],"10":[0,0],"11":[0,0],"12":[0,0],"13":[0,0],"14":[0,0],"15":[0,0],"16":[0,0],"17":[0,0],"18":[0,0],"19":[0,0],"20":[0,0],"21":[0,0],"22":[0,0,0]}}
,"/Users/admin/projects/deal-aggregator-facebook/components/comments/CommentForm.js": {"path":"/Users/admin/projects/deal-aggregator-facebook/components/comments/CommentForm.js","statementMap":{"0":{"start":{"line":8,"column":20},"end":{"line":225,"column":1}},"1":{"start":{"line":20,"column":19},"end":{"line":20,"column":32}},"2":{"start":{"line":21,"column":25},"end":{"line":21,"column":61}},"3":{"start":{"line":21,"column":46},"end":{"line":21,"column":60}},"4":{"start":{"line":22,"column":30},"end":{"line":22,"column":62}},"5":{"start":{"line":22,"column":51},"end":{"line":22,"column":61}},"6":{"start":{"line":24,"column":32},"end":{"line":24,"column":56}},"7":{"start":{"line":25,"column":28},"end":{"line":25,"column":40}},"8":{"start":{"line":26,"column":36},"end":{"line":26,"column":51}},"9":{"start":{"line":28,"column":22},"end":{"line":28,"column":34}},"10":{"start":{"line":30,"column":2},"end":{"line":34,"column":23}},"11":{"start":{"line":31,"column":4},"end":{"line":33,"column":5}},"12":{"start":{"line":32,"column":6},"end":{"line":32,"column":33}},"13":{"start":{"line":36,"column":2},"end":{"line":41,"column":28}},"14":{"start":{"line":38,"column":4},"end":{"line":40,"column":5}},"15":{"start":{"line":39,"column":6},"end":{"line":39,"column":34}},"16":{"start":{"line":43,"column":26},"end":{"line":54,"column":3}},"17":{"start":{"line":44,"column":4},"end":{"line":46,"column":5}},"18":{"start":{"line":45,"column":6},"end":{"line":45,"column":39}},"19":{"start":{"line":47,"column":4},"end":{"line":49,"column":5}},"20":{"start":{"line":48,"column":6},"end":{"line":48,"column":53}},"21":{"start":{"line":50,"column":4},"end":{"line":52,"column":5}},"22":{"start":{"line":51,"column":6},"end":{"line":51,"column":57}},"23":{"start":{"line":53,"column":4},"end":{"line":53,"column":14}},"24":{"start":{"line":56,"column":30},"end":{"line":64,"column":3}},"25":{"start":{"line":57,"column":23},"end":{"line":57,"column":37}},"26":{"start":{"line":58,"column":4},"end":{"line":58,"column":27}},"27":{"start":{"line":61,"column":4},"end":{"line":63,"column":5}},"28":{"start":{"line":62,"column":6},"end":{"line":62,"column":19}},"29":{"start":{"line":66,"column":23},"end":{"line":122,"column":3}},"30":{"start":{"line":67,"column":4},"end":{"line":67,"column":23}},"31":{"start":{"line":69,"column":4},"end":{"line":76,"column":5}},"32":{"start":{"line":70,"column":6},"end":{"line":74,"column":10}},"33":{"start":{"line":75,"column":6},"end":{"line":75,"column":13}},"34":{"start":{"line":78,"column":28},"end":{"line":78,"column":52}},"35":{"start":{"line":79,"column":4},"end":{"line":82,"column":5}},"36":{"start":{"line":80,"column":6},"end":{"line":80,"column":32}},"37":{"start":{"line":81,"column":6},"end":{"line":81,"column":13}},"38":{"start":{"line":84,"column":4},"end":{"line":121,"column":5}},"39":{"start":{"line":85,"column":6},"end":{"line":104,"column":7}},"40":{"start":{"line":87,"column":8},"end":{"line":87,"column":32}},"41":{"start":{"line":90,"column":28},"end":{"line":95,"column":9}},"42":{"start":{"line":97,"column":8},"end":{"line":97,"column":60}},"43":{"start":{"line":99,"column":8},"end":{"line":103,"column":12}},"44":{"start":{"line":107,"column":6},"end":{"line":107,"column":21}},"45":{"start":{"line":108,"column":6},"end":{"line":108,"column":19}},"46":{"start":{"line":109,"column":6},"end":{"line":109,"column":26}},"47":{"start":{"line":111,"column":6},"end":{"line":111,"column":33}},"48":{"start":{"line":111,"column":21},"end":{"line":111,"column":33}},"49":{"start":{"line":114,"column":27},"end":{"line":114,"column":94}},"50":{"start":{"line":115,"column":6},"end":{"line":115,"column":29}},"51":{"start":{"line":116,"column":6},"end":{"line":120,"column":10}},"52":{"start":{"line":124,"column":23},"end":{"line":129,"column":3}},"53":{"start":{"line":125,"column":4},"end":{"line":125,"column":31}},"54":{"start":{"line":126,"column":4},"end":{"line":126,"column":17}},"55":{"start":{"line":127,"column":4},"end":{"line":127,"column":24}},"56":{"start":{"line":128,"column":4},"end":{"line":128,"column":29}},"57":{"start":{"line":128,"column":18},"end":{"line":128,"column":29}},"58":{"start":{"line":131,"column":22},"end":{"line":133,"column":3}},"59":{"start":{"line":132,"column":4},"end":{"line":132,"column":23}},"60":{"start":{"line":135,"column":21},"end":{"line":142,"column":3}},"61":{"start":{"line":137,"column":4},"end":{"line":141,"column":12}},"62":{"start":{"line":138,"column":6},"end":{"line":140,"column":7}},"63":{"start":{"line":139,"column":8},"end":{"line":139,"column":28}},"64":{"start":{"line":145,"column":31},"end":{"line":149,"column":3}},"65":{"start":{"line":146,"column":21},"end":{"line":146,"column":29}},"66":{"start":{"line":147,"column":4},"end":{"line":147,"column":35}},"67":{"start":{"line":148,"column":4},"end":{"line":148,"column":57}},"68":{"start":{"line":151,"column":2},"end":{"line":157,"column":3}},"69":{"start":{"line":152,"column":4},"end":{"line":156,"column":6}},"70":{"start":{"line":160,"column":23},"end":{"line":160,"column":75}},"71":{"start":{"line":162,"column":2},"end":{"line":224,"column":4}}},"fnMap":{"0":{"name":"(anonymous_0)","decl":{"start":{"line":8,"column":20},"end":{"line":8,"column":21}},"loc":{"start":{"line":19,"column":6},"end":{"line":225,"column":1}},"line":19},"1":{"name":"(anonymous_1)","decl":{"start":{"line":21,"column":37},"end":{"line":21,"column":38}},"loc":{"start":{"line":21,"column":46},"end":{"line":21,"column":60}},"line":21},"2":{"name":"(anonymous_2)","decl":{"start":{"line":22,"column":42},"end":{"line":22,"column":43}},"loc":{"start":{"line":22,"column":51},"end":{"line":22,"column":61}},"line":22},"3":{"name":"(anonymous_3)","decl":{"start":{"line":30,"column":12},"end":{"line":30,"column":13}},"loc":{"start":{"line":30,"column":18},"end":{"line":34,"column":3}},"line":30},"4":{"name":"(anonymous_4)","decl":{"start":{"line":36,"column":12},"end":{"line":36,"column":13}},"loc":{"start":{"line":36,"column":18},"end":{"line":41,"column":3}},"line":36},"5":{"name":"(anonymous_5)","decl":{"start":{"line":43,"column":26},"end":{"line":43,"column":27}},"loc":{"start":{"line":43,"column":36},"end":{"line":54,"column":3}},"line":43},"6":{"name":"(anonymous_6)","decl":{"start":{"line":56,"column":30},"end":{"line":56,"column":31}},"loc":{"start":{"line":56,"column":37},"end":{"line":64,"column":3}},"line":56},"7":{"name":"(anonymous_7)","decl":{"start":{"line":66,"column":23},"end":{"line":66,"column":24}},"loc":{"start":{"line":66,"column":36},"end":{"line":122,"column":3}},"line":66},"8":{"name":"(anonymous_8)","decl":{"start":{"line":124,"column":23},"end":{"line":124,"column":24}},"loc":{"start":{"line":124,"column":29},"end":{"line":129,"column":3}},"line":124},"9":{"name":"(anonymous_9)","decl":{"start":{"line":131,"column":22},"end":{"line":131,"column":23}},"loc":{"start":{"line":131,"column":28},"end":{"line":133,"column":3}},"line":131},"10":{"name":"(anonymous_10)","decl":{"start":{"line":135,"column":21},"end":{"line":135,"column":22}},"loc":{"start":{"line":135,"column":27},"end":{"line":142,"column":3}},"line":135},"11":{"name":"(anonymous_11)","decl":{"start":{"line":137,"column":15},"end":{"line":137,"column":16}},"loc":{"start":{"line":137,"column":21},"end":{"line":141,"column":5}},"line":137},"12":{"name":"(anonymous_12)","decl":{"start":{"line":145,"column":31},"end":{"line":145,"column":32}},"loc":{"start":{"line":145,"column":38},"end":{"line":149,"column":3}},"line":145}},"branchMap":{"0":{"loc":{"start":{"line":12,"column":2},"end":{"line":12,"column":21}},"type":"default-arg","locations":[{"start":{"line":12,"column":19},"end":{"line":12,"column":21}}],"line":12},"1":{"loc":{"start":{"line":16,"column":2},"end":{"line":16,"column":19}},"type":"default-arg","locations":[{"start":{"line":16,"column":14},"end":{"line":16,"column":19}}],"line":16},"2":{"loc":{"start":{"line":17,"column":2},"end":{"line":17,"column":36}},"type":"default-arg","locations":[{"start":{"line":17,"column":16},"end":{"line":17,"column":36}}],"line":17},"3":{"loc":{"start":{"line":18,"column":2},"end":{"line":18,"column":30}},"type":"default-arg","locations":[{"start":{"line":18,"column":16},"end":{"line":18,"column":30}}],"line":18},"4":{"loc":{"start":{"line":31,"column":4},"end":{"line":33,"column":5}},"type":"if","locations":[{"start":{"line":31,"column":4},"end":{"line":33,"column":5}},{"start":{},"end":{}}],"line":31},"5":{"loc":{"start":{"line":38,"column":4},"end":{"line":40,"column":5}},"type":"if","locations":[{"start":{"line":38,"column":4},"end":{"line":40,"column":5}},{"start":{},"end":{}}],"line":38},"6":{"loc":{"start":{"line":38,"column":8},"end":{"line":38,"column":54}},"type":"binary-expr","locations":[{"start":{"line":38,"column":9},"end":{"line":38,"column":17}},{"start":{"line":38,"column":21},"end":{"line":38,"column":30}},{"start":{"line":38,"column":35},"end":{"line":38,"column":54}}],"line":38},"7":{"loc":{"start":{"line":44,"column":4},"end":{"line":46,"column":5}},"type":"if","locations":[{"start":{"line":44,"column":4},"end":{"line":46,"column":5}},{"start":{},"end":{}}],"line":44},"8":{"loc":{"start":{"line":47,"column":4},"end":{"line":49,"column":5}},"type":"if","locations":[{"start":{"line":47,"column":4},"end":{"line":49,"column":5}},{"start":{},"end":{}}],"line":47},"9":{"loc":{"start":{"line":50,"column":4},"end":{"line":52,"column":5}},"type":"if","locations":[{"start":{"line":50,"column":4},"end":{"line":52,"column":5}},{"start":{},"end":{}}],"line":50},"10":{"loc":{"start":{"line":61,"column":4},"end":{"line":63,"column":5}},"type":"if","locations":[{"start":{"line":61,"column":4},"end":{"line":63,"column":5}},{"start":{},"end":{}}],"line":61},"11":{"loc":{"start":{"line":69,"column":4},"end":{"line":76,"column":5}},"type":"if","locations":[{"start":{"line":69,"column":4},"end":{"line":76,"column":5}},{"start":{},"end":{}}],"line":69},"12":{"loc":{"start":{"line":79,"column":4},"end":{"line":82,"column":5}},"type":"if","locations":[{"start":{"line":79,"column":4},"end":{"line":82,"column":5}},{"start":{},"end":{}}],"line":79},"13":{"loc":{"start":{"line":85,"column":6},"end":{"line":104,"column":7}},"type":"if","locations":[{"start":{"line":85,"column":6},"end":{"line":104,"column":7}},{"start":{"line":88,"column":13},"end":{"line":104,"column":7}}],"line":85},"14":{"loc":{"start":{"line":85,"column":10},"end":{"line":85,"column":31}},"type":"binary-expr","locations":[{"start":{"line":85,"column":10},"end":{"line":85,"column":19}},{"start":{"line":85,"column":23},"end":{"line":85,"column":31}}],"line":85},"15":{"loc":{"start":{"line":92,"column":14},"end":{"line":92,"column":43}},"type":"binary-expr","locations":[{"start":{"line":92,"column":14},"end":{"line":92,"column":20}},{"start":{"line":92,"column":24},"end":{"line":92,"column":43}}],"line":92},"16":{"loc":{"start":{"line":93,"column":14},"end":{"line":93,"column":49}},"type":"binary-expr","locations":[{"start":{"line":93,"column":14},"end":{"line":93,"column":22}},{"start":{"line":93,"column":26},"end":{"line":93,"column":49}}],"line":93},"17":{"loc":{"start":{"line":94,"column":14},"end":{"line":94,"column":49}},"type":"binary-expr","locations":[{"start":{"line":94,"column":14},"end":{"line":94,"column":22}},{"start":{"line":94,"column":26},"end":{"line":94,"column":49}}],"line":94},"18":{"loc":{"start":{"line":101,"column":19},"end":{"line":101,"column":91}},"type":"cond-expr","locations":[{"start":{"line":101,"column":30},"end":{"line":101,"column":58}},{"start":{"line":101,"column":61},"end":{"line":101,"column":91}}],"line":101},"19":{"loc":{"start":{"line":111,"column":6},"end":{"line":111,"column":33}},"type":"if","locations":[{"start":{"line":111,"column":6},"end":{"line":111,"column":33}},{"start":{},"end":{}}],"line":111},"20":{"loc":{"start":{"line":114,"column":27},"end":{"line":114,"column":94}},"type":"binary-expr","locations":[{"start":{"line":114,"column":27},"end":{"line":114,"column":38}},{"start":{"line":114,"column":42},"end":{"line":114,"column":94}}],"line":114},"21":{"loc":{"start":{"line":114,"column":55},"end":{"line":114,"column":84}},"type":"cond-expr","locations":[{"start":{"line":114,"column":67},"end":{"line":114,"column":75}},{"start":{"line":114,"column":78},"end":{"line":114,"column":84}}],"line":114},"22":{"loc":{"start":{"line":128,"column":4},"end":{"line":128,"column":29}},"type":"if","locations":[{"start":{"line":128,"column":4},"end":{"line":128,"column":29}},{"start":{},"end":{}}],"line":128},"23":{"loc":{"start":{"line":138,"column":6},"end":{"line":140,"column":7}},"type":"if","locations":[{"start":{"line":138,"column":6},"end":{"line":140,"column":7}},{"start":{},"end":{}}],"line":138},"24":{"loc":{"start":{"line":138,"column":10},"end":{"line":138,"column":52}},"type":"binary-expr","locations":[{"start":{"line":138,"column":10},"end":{"line":138,"column":25}},{"start":{"line":138,"column":29},"end":{"line":138,"column":39}},{"start":{"line":138,"column":43},"end":{"line":138,"column":52}}],"line":138},"25":{"loc":{"start":{"line":151,"column":2},"end":{"line":157,"column":3}},"type":"if","locations":[{"start":{"line":151,"column":2},"end":{"line":157,"column":3}},{"start":{},"end":{}}],"line":151},"26":{"loc":{"start":{"line":151,"column":6},"end":{"line":151,"column":36}},"type":"binary-expr","locations":[{"start":{"line":151,"column":6},"end":{"line":151,"column":22}},{"start":{"line":151,"column":26},"end":{"line":151,"column":36}}],"line":151},"27":{"loc":{"start":{"line":160,"column":23},"end":{"line":160,"column":75}},"type":"binary-expr","locations":[{"start":{"line":160,"column":23},"end":{"line":160,"column":32}},{"start":{"line":160,"column":36},"end":{"line":160,"column":50}},{"start":{"line":160,"column":54},"end":{"line":160,"column":63}},{"start":{"line":160,"column":67},"end":{"line":160,"column":75}}],"line":160},"28":{"loc":{"start":{"line":163,"column":36},"end":{"line":163,"column":80}},"type":"cond-expr","locations":[{"start":{"line":163,"column":51},"end":{"line":163,"column":75}},{"start":{"line":163,"column":78},"end":{"line":163,"column":80}}],"line":163},"29":{"loc":{"start":{"line":169,"column":45},"end":{"line":169,"column":83}},"type":"cond-expr","locations":[{"start":{"line":169,"column":53},"end":{"line":169,"column":78}},{"start":{"line":169,"column":81},"end":{"line":169,"column":83}}],"line":169},"30":{"loc":{"start":{"line":176,"column":20},"end":{"line":176,"column":40}},"type":"cond-expr","locations":[{"start":{"line":176,"column":35},"end":{"line":176,"column":36}},{"start":{"line":176,"column":39},"end":{"line":176,"column":40}}],"line":176},"31":{"loc":{"start":{"line":179,"column":32},"end":{"line":179,"column":72}},"type":"cond-expr","locations":[{"start":{"line":179,"column":40},"end":{"line":179,"column":55}},{"start":{"line":179,"column":58},"end":{"line":179,"column":72}}],"line":179},"32":{"loc":{"start":{"line":182,"column":13},"end":{"line":186,"column":13}},"type":"binary-expr","locations":[{"start":{"line":182,"column":13},"end":{"line":182,"column":25}},{"start":{"line":183,"column":14},"end":{"line":185,"column":20}}],"line":182},"33":{"loc":{"start":{"line":188,"column":13},"end":{"line":192,"column":13}},"type":"binary-expr","locations":[{"start":{"line":188,"column":13},"end":{"line":188,"column":18}},{"start":{"line":189,"column":14},"end":{"line":191,"column":20}}],"line":188},"34":{"loc":{"start":{"line":195,"column":11},"end":{"line":220,"column":11}},"type":"binary-expr","locations":[{"start":{"line":195,"column":11},"end":{"line":195,"column":23}},{"start":{"line":196,"column":12},"end":{"line":219,"column":18}}],"line":195},"35":{"loc":{"start":{"line":197,"column":15},"end":{"line":206,"column":15}},"type":"binary-expr","locations":[{"start":{"line":197,"column":16},"end":{"line":197,"column":24}},{"start":{"line":197,"column":28},"end":{"line":197,"column":37}},{"start":{"line":198,"column":16},"end":{"line":205,"column":25}}],"line":197},"36":{"loc":{"start":{"line":211,"column":26},"end":{"line":211,"column":66}},"type":"binary-expr","locations":[{"start":{"line":211,"column":26},"end":{"line":211,"column":36}},{"start":{"line":211,"column":40},"end":{"line":211,"column":55}},{"start":{"line":211,"column":59},"end":{"line":211,"column":66}}],"line":211},"37":{"loc":{"start":{"line":213,"column":17},"end":{"line":217,"column":17}},"type":"cond-expr","locations":[{"start":{"line":214,"column":18},"end":{"line":214,"column":49}},{"start":{"line":216,"column":18},"end":{"line":216,"column":29}}],"line":213}},"s":{"0":0,"1":0,"2":0,"3":0,"4":0,"5":0,"6":0,"7":0,"8":0,"9":0,"10":0,"11":0,"12":0,"13":0,"14":0,"15":0,"16":0,"17":0,"18":0,"19":0,"20":0,"21":0,"22":0,"23":0,"24":0,"25":0,"26":0,"27":0,"28":0,"29":0,"30":0,"31":0,"32":0,"33":0,"34":0,"35":0,"36":0,"37":0,"38":0,"39":0,"40":0,"41":0,"42":0,"43":0,"44":0,"45":0,"46":0,"47":0,"48":0,"49":0,"50":0,"51":0,"52":0,"53":0,"54":0,"55":0,"56":0,"57":0,"58":0,"59":0,"60":0,"61":0,"62":0,"63":0,"64":0,"65":0,"66":0,"67":0,"68":0,"69":0,"70":0,"71":0},"f":{"0":0,"1":0,"2":0,"3":0,"4":0,"5":0,"6":0,"7":0,"8":0,"9":0,"10":0,"11":0,"12":0},"b":{"0":[0],"1":[0],"2":[0],"3":[0],"4":[0,0],"5":[0,0],"6":[0,0,0],"7":[0,0],"8":[0,0],"9":[0,0],"10":[0,0],"11":[0,0],"12":[0,0],"13":[0,0],"14":[0,0],"15":[0,0],"16":[0,0],"17":[0,0],"18":[0,0],"19":[0,0],"20":[0,0],"21":[0,0],"22":[0,0],"23":[0,0],"24":[0,0,0],"25":[0,0],"26":[0,0],"27":[0,0,0,0],"28":[0,0],"29":[0,0],"30":[0,0],"31":[0,0],"32":[0,0],"33":[0,0],"34":[0,0],"35":[0,0,0],"36":[0,0,0],"37":[0,0]}}
[...]
ne":37,"column":66}},"type":"binary-expr","locations":[{"start":{"line":37,"column":31},"end":{"line":37,"column":57}},{"start":{"line":37,"column":61},"end":{"line":37,"column":66}}],"line":37},"7":{"loc":{"start":{"line":38,"column":25},"end":{"line":38,"column":58}},"type":"binary-expr","locations":[{"start":{"line":38,"column":25},"end":{"line":38,"column":45}},{"start":{"line":38,"column":49},"end":{"line":38,"column":58}}],"line":38},"8":{"loc":{"start":{"line":67,"column":6},"end":{"line":71,"column":7}},"type":"if","locations":[{"start":{"line":67,"column":6},"end":{"line":71,"column":7}},{"start":{"line":69,"column":13},"end":{"line":71,"column":7}}],"line":67},"9":{"loc":{"start":{"line":67,"column":10},"end":{"line":67,"column":37}},"type":"binary-expr","locations":[{"start":{"line":67,"column":10},"end":{"line":67,"column":21}},{"start":{"line":67,"column":25},"end":{"line":67,"column":37}}],"line":67},"10":{"loc":{"start":{"line":70,"column":17},"end":{"line":70,"column":58}},"type":"binary-expr","locations":[{"start":{"line":70,"column":17},"end":{"line":70,"column":29}},{"start":{"line":70,"column":33},"end":{"line":70,"column":58}}],"line":70},"11":{"loc":{"start":{"line":94,"column":6},"end":{"line":100,"column":7}},"type":"if","locations":[{"start":{"line":94,"column":6},"end":{"line":100,"column":7}},{"start":{"line":98,"column":13},"end":{"line":100,"column":7}}],"line":94},"12":{"loc":{"start":{"line":94,"column":10},"end":{"line":94,"column":37}},"type":"binary-expr","locations":[{"start":{"line":94,"column":10},"end":{"line":94,"column":21}},{"start":{"line":94,"column":25},"end":{"line":94,"column":37}}],"line":94},"13":{"loc":{"start":{"line":99,"column":17},"end":{"line":99,"column":59}},"type":"binary-expr","locations":[{"start":{"line":99,"column":17},"end":{"line":99,"column":29}},{"start":{"line":99,"column":33},"end":{"line":99,"column":59}}],"line":99},"14":{"loc":{"start":{"line":109,"column":2},"end":{"line":116,"column":3}},"type":"if","locations":[{"start":{"line":109,"column":2},"end":{"line":116,"column":3}},{"start":{},"end":{}}],"line":109},"15":{"loc":{"start":{"line":118,"column":2},"end":{"line":120,"column":3}},"type":"if","locations":[{"start":{"line":118,"column":2},"end":{"line":120,"column":3}},{"start":{},"end":{}}],"line":118},"16":{"loc":{"start":{"line":118,"column":6},"end":{"line":118,"column":31}},"type":"binary-expr","locations":[{"start":{"line":118,"column":6},"end":{"line":118,"column":22}},{"start":{"line":118,"column":26},"end":{"line":118,"column":31}}],"line":118},"17":{"loc":{"start":{"line":146,"column":17},"end":{"line":153,"column":17}},"type":"binary-expr","locations":[{"start":{"line":146,"column":17},"end":{"line":146,"column":24}},{"start":{"line":147,"column":18},"end":{"line":152,"column":24}}],"line":146},"18":{"loc":{"start":{"line":155,"column":17},"end":{"line":162,"column":17}},"type":"binary-expr","locations":[{"start":{"line":155,"column":17},"end":{"line":155,"column":22}},{"start":{"line":156,"column":18},"end":{"line":161,"column":24}}],"line":155},"19":{"loc":{"start":{"line":217,"column":21},"end":{"line":224,"column":21}},"type":"cond-expr","locations":[{"start":{"line":218,"column":22},"end":{"line":221,"column":25}},{"start":{"line":223,"column":22},"end":{"line":223,"column":40}}],"line":217},"20":{"loc":{"start":{"line":332,"column":9},"end":{"line":386,"column":9}},"type":"binary-expr","locations":[{"start":{"line":332,"column":9},"end":{"line":332,"column":26}},{"start":{"line":333,"column":10},"end":{"line":385,"column":16}}],"line":332},"21":{"loc":{"start":{"line":374,"column":19},"end":{"line":381,"column":19}},"type":"cond-expr","locations":[{"start":{"line":375,"column":20},"end":{"line":378,"column":23}},{"start":{"line":380,"column":20},"end":{"line":380,"column":44}}],"line":374}},"s":{"0":0,"1":0,"2":0,"3":0,"4":0,"5":0,"6":0,"7":0,"8":0,"9":0,"10":0,"11":0,"12":0,"13":0,"14":0,"15":0,"16":0,"17":0,"18":0,"19":0,"20":0,"21":0,"22":0,"23":0,"24":0,"25":0,"26":0,"27":0,"28":0,"29":0,"30":0,"31":0,"32":0,"33":0,"34":0,"35":0,"36":0,"37":0,"38":0,"39":0,"40":0,"41":0,"42":0,"43":0,"44":0,"45":0,"46":0,"47":0,"48":0,"49":0,"50":0,"51":0,"52":0,"53":0,"54":0},"f":{"0":0,"1":0,"2":0,"3":0,"4":0,"5":0,"6":0,"7":0,"8":0,"9":0,"10":0,"11":0,"12":0,"13":0},"b":{"0":[0,0],"1":[0,0],"2":[0,0],"3":[0,0],"4":[0,0],"5":[0,0],"6":[0,0],"7":[0,0],"8":[0,0],"9":[0,0],"10":[0,0],"11":[0,0],"12":[0,0],"13":[0,0],"14":[0,0],"15":[0,0],"16":[0,0],"17":[0,0],"18":[0,0],"19":[0,0],"20":[0,0],"21":[0,0]}}
,"/Users/admin/projects/deal-aggregator-facebook/pages/signup.js": {"path":"/Users/admin/projects/deal-aggregator-facebook/pages/signup.js","statementMap":{"0":{"start":{"line":8,"column":17},"end":{"line":8,"column":28}},"1":{"start":{"line":9,"column":85},"end":{"line":9,"column":94}},"2":{"start":{"line":11,"column":34},"end":{"line":18,"column":4}},"3":{"start":{"line":19,"column":42},"end":{"line":19,"column":57}},"4":{"start":{"line":20,"column":56},"end":{"line":20,"column":71}},"5":{"start":{"line":21,"column":38},"end":{"line":21,"column":50}},"6":{"start":{"line":22,"column":42},"end":{"line":22,"column":57}},"7":{"start":{"line":23,"column":46},"end":{"line":23,"column":58}},"8":{"start":{"line":26,"column":2},"end":{"line":30,"column":43}},"9":{"start":{"line":27,"column":4},"end":{"line":29,"column":5}},"10":{"start":{"line":28,"column":6},"end":{"line":28,"column":23}},"11":{"start":{"line":33,"column":2},"end":{"line":36,"column":29}},"12":{"start":{"line":34,"column":4},"end":{"line":34,"column":17}},"13":{"start":{"line":35,"column":4},"end":{"line":35,"column":22}},"14":{"start":{"line":38,"column":28},"end":{"line":44,"column":3}},"15":{"start":{"line":39,"column":43},"end":{"line":39,"column":51}},"16":{"start":{"line":40,"column":4},"end":{"line":43,"column":8}},"17":{"start":{"line":40,"column":25},"end":{"line":43,"column":5}},"18":{"start":{"line":46,"column":23},"end":{"line":74,"column":3}},"19":{"start":{"line":47,"column":4},"end":{"line":49,"column":5}},"20":{"start":{"line":48,"column":6},"end":{"line":48,"column":50}},"21":{"start":{"line":51,"column":4},"end":{"line":53,"column":5}},"22":{"start":{"line":52,"column":6},"end":{"line":52,"column":50}},"23":{"start":{"line":55,"column":4},"end":{"line":57,"column":5}},"24":{"start":{"line":56,"column":6},"end":{"line":56,"column":59}},"25":{"start":{"line":59,"column":4},"end":{"line":61,"column":5}},"26":{"start":{"line":60,"column":6},"end":{"line":60,"column":38}},"27":{"start":{"line":64,"column":25},"end":{"line":64,"column":56}},"28":{"start":{"line":65,"column":25},"end":{"line":65,"column":56}},"29":{"start":{"line":66,"column":23},"end":{"line":66,"column":51}},"30":{"start":{"line":67,"column":27},"end":{"line":67,"column":75}},"31":{"start":{"line":69,"column":4},"end":{"line":71,"column":5}},"32":{"start":{"line":70,"column":6},"end":{"line":70,"column":105}},"33":{"start":{"line":73,"column":4},"end":{"line":73,"column":16}},"34":{"start":{"line":76,"column":23},"end":{"line":120,"column":3}},"35":{"start":{"line":77,"column":4},"end":{"line":77,"column":23}},"36":{"start":{"line":78,"column":4},"end":{"line":78,"column":22}},"37":{"start":{"line":79,"column":4},"end":{"line":79,"column":26}},"38":{"start":{"line":81,"column":28},"end":{"line":81,"column":42}},"39":{"start":{"line":82,"column":4},"end":{"line":85,"column":5}},"40":{"start":{"line":83,"column":6},"end":{"line":83,"column":37}},"41":{"start":{"line":84,"column":6},"end":{"line":84,"column":13}},"42":{"start":{"line":87,"column":4},"end":{"line":87,"column":26}},"43":{"start":{"line":89,"column":4},"end":{"line":119,"column":5}},"44":{"start":{"line":90,"column":23},"end":{"line":96,"column":7}},"45":{"start":{"line":98,"column":21},"end":{"line":98,"column":43}},"46":{"start":{"line":100,"column":6},"end":{"line":114,"column":7}},"47":{"start":{"line":101,"column":8},"end":{"line":101,"column":125}},"48":{"start":{"line":104,"column":8},"end":{"line":111,"column":11}},"49":{"start":{"line":113,"column":8},"end":{"line":113,"column":74}},"50":{"start":{"line":116,"column":6},"end":{"line":116,"column":56}},"51":{"start":{"line":118,"column":6},"end":{"line":118,"column":29}},"52":{"start":{"line":122,"column":2},"end":{"line":129,"column":3}},"53":{"start":{"line":123,"column":4},"end":{"line":128,"column":6}},"54":{"start":{"line":132,"column":2},"end":{"line":134,"column":3}},"55":{"start":{"line":133,"column":4},"end":{"line":133,"column":16}},"56":{"start":{"line":136,"column":2},"end":{"line":708,"column":4}},"57":{"start":{"line":265,"column":35},"end":{"line":265,"column":65}},"58":{"start":{"line":308,"column":35},"end":{"line":308,"column":79}}},"fnMap":{"0":{"name":"Signup","decl":{"start":{"line":7,"column":24},"end":{"line":7,"column":30}},"loc":{"start":{"line":7,"column":33},"end":{"line":709,"column":1}},"line":7},"1":{"name":"(anonymous_1)","decl":{"start":{"line":26,"column":12},"end":{"line":26,"column":13}},"loc":{"start":{"line":26,"column":18},"end":{"line":30,"column":3}},"line":26},"2":{"name":"(anonymous_2)","decl":{"start":{"line":33,"column":12},"end":{"line":33,"column":13}},"loc":{"start":{"line":33,"column":18},"end":{"line":36,"column":3}},"line":33},"3":{"name":"(anonymous_3)","decl":{"start":{"line":38,"column":28},"end":{"line":38,"column":29}},"loc":{"start":{"line":38,"column":35},"end":{"line":44,"column":3}},"line":38},"4":{"name":"(anonymous_4)","decl":{"start":{"line":40,"column":16},"end":{"line":40,"column":17}},"loc":{"start":{"line":40,"column":25},"end":{"line":43,"column":5}},"line":40},"5":{"name":"(anonymous_5)","decl":{"start":{"line":46,"column":23},"end":{"line":46,"column":24}},"loc":{"start":{"line":46,"column":29},"end":{"line":74,"column":3}},"line":46},"6":{"name":"(anonymous_6)","decl":{"start":{"line":76,"column":23},"end":{"line":76,"column":24}},"loc":{"start":{"line":76,"column":36},"end":{"line":120,"column":3}},"line":76},"7":{"name":"(anonymous_7)","decl":{"start":{"line":265,"column":29},"end":{"line":265,"column":30}},"loc":{"start":{"line":265,"column":35},"end":{"line":265,"column":65}},"line":265},"8":{"name":"(anonymous_8)","decl":{"start":{"line":308,"column":29},"end":{"line":308,"column":30}},"loc":{"start":{"line":308,"column":35},"end":{"line":308,"column":79}},"line":308}},"branchMap":{"0":{"loc":{"start":{"line":27,"column":4},"end":{"line":29,"column":5}},"type":"if","locations":[{"start":{"line":27,"column":4},"end":{"line":29,"column":5}},{"start":{},"end":{}}],"line":27},"1":{"loc":{"start":{"line":27,"column":8},"end":{"line":27,"column":37}},"type":"binary-expr","locations":[{"start":{"line":27,"column":8},"end":{"line":27,"column":23}},{"start":{"line":27,"column":27},"end":{"line":27,"column":37}}],"line":27},"2":{"loc":{"start":{"line":42,"column":14},"end":{"line":42,"column":51}},"type":"cond-expr","locations":[{"start":{"line":42,"column":36},"end":{"line":42,"column":43}},{"start":{"line":42,"column":46},"end":{"line":42,"column":51}}],"line":42},"3":{"loc":{"start":{"line":47,"column":4},"end":{"line":49,"column":5}},"type":"if","locations":[{"start":{"line":47,"column":4},"end":{"line":49,"column":5}},{"start":{},"end":{}}],"line":47},"4":{"loc":{"start":{"line":47,"column":8},"end":{"line":47,"column":74}},"type":"binary-expr","locations":[{"start":{"line":47,"column":8},"end":{"line":47,"column":23}},{"start":{"line":47,"column":27},"end":{"line":47,"column":45}},{"start":{"line":47,"column":49},"end":{"line":47,"column":74}}],"line":47},"5":{"loc":{"start":{"line":51,"column":4},"end":{"line":53,"column":5}},"type":"if","locations":[{"start":{"line":51,"column":4},"end":{"line":53,"column":5}},{"start":{},"end":{}}],"line":51},"6":{"loc":{"start":{"line":55,"column":4},"end":{"line":57,"column":5}},"type":"if","locations":[{"start":{"line":55,"column":4},"end":{"line":57,"column":5}},{"start":{},"end":{}}],"line":55},"7":{"loc":{"start":{"line":59,"column":4},"end":{"line":61,"column":5}},"type":"if","locations":[{"start":{"line":59,"column":4},"end":{"line":61,"column":5}},{"start":{},"end":{}}],"line":59},"8":{"loc":{"start":{"line":69,"column":4},"end":{"line":71,"column":5}},"type":"if","locations":[{"start":{"line":69,"column":4},"end":{"line":71,"column":5}},{"start":{},"end":{}}],"line":69},"9":{"loc":{"start":{"line":69,"column":8},"end":{"line":69,"column":53}},"type":"binary-expr","locations":[{"start":{"line":69,"column":8},"end":{"line":69,"column":21}},{"start":{"line":69,"column":25},"end":{"line":69,"column":38}},{"start":{"line":69,"column":42},"end":{"line":69,"column":53}}],"line":69},"10":{"loc":{"start":{"line":82,"column":4},"end":{"line":85,"column":5}},"type":"if","locations":[{"start":{"line":82,"column":4},"end":{"line":85,"column":5}},{"start":{},"end":{}}],"line":82},"11":{"loc":{"start":{"line":93,"column":20},"end":{"line":93,"column":47}},"type":"binary-expr","locations":[{"start":{"line":93,"column":20},"end":{"line":93,"column":39}},{"start":{"line":93,"column":43},"end":{"line":93,"column":47}}],"line":93},"12":{"loc":{"start":{"line":94,"column":19},"end":{"line":94,"column":45}},"type":"binary-expr","locations":[{"start":{"line":94,"column":19},"end":{"line":94,"column":37}},{"start":{"line":94,"column":41},"end":{"line":94,"column":45}}],"line":94},"13":{"loc":{"start":{"line":100,"column":6},"end":{"line":114,"column":7}},"type":"if","locations":[{"start":{"line":100,"column":6},"end":{"line":114,"column":7}},{"start":{"line":112,"column":13},"end":{"line":114,"column":7}}],"line":100},"14":{"loc":{"start":{"line":101,"column":26},"end":{"line":101,"column":123}},"type":"binary-expr","locations":[{"start":{"line":101,"column":26},"end":{"line":101,"column":40}},{"start":{"line":101,"column":44},"end":{"line":101,"column":123}}],"line":101},"15":{"loc":{"start":{"line":113,"column":22},"end":{"line":113,"column":72}},"type":"binary-expr","locations":[{"start":{"line":113,"column":22},"end":{"line":113,"column":34}},{"start":{"line":113,"column":38},"end":{"line":113,"column":72}}],"line":113},"16":{"loc":{"start":{"line":122,"column":2},"end":{"line":129,"column":3}},"type":"if","locations":[{"start":{"line":122,"column":2},"end":{"line":129,"column":3}},{"start":{},"end":{}}],"line":122},"17":{"loc":{"start":{"line":132,"column":2},"end":{"line":134,"column":3}},"type":"if","locations":[{"start":{"line":132,"column":2},"end":{"line":134,"column":3}},{"start":{},"end":{}}],"line":132},"18":{"loc":{"start":{"line":166,"column":13},"end":{"line":173,"column":13}},"type":"binary-expr","locations":[{"start":{"line":166,"column":14},"end":{"line":166,"column":19}},{"start":{"line":166,"column":23},"end":{"line":166,"column":33}},{"start":{"line":167,"column":14},"end":{"line":172,"column":20}}],"line":166},"19":{"loc":{"start":{"line":171,"column":17},"end":{"line":171,"column":36}},"type":"binary-expr","locations":[{"start":{"line":171,"column":17},"end":{"line":171,"column":22}},{"start":{"line":171,"column":26},"end":{"line":171,"column":36}}],"line":171},"20":{"loc":{"start":{"line":175,"column":13},"end":{"line":182,"column":13}},"type":"binary-expr","locations":[{"start":{"line":175,"column":13},"end":{"line":175,"column":27}},{"start":{"line":176,"column":14},"end":{"line":181,"column":20}}],"line":175},"21":{"loc":{"start":{"line":252,"column":26},"end":{"line":252,"column":60}},"type":"cond-expr","locations":[{"start":{"line":252,"column":41},"end":{"line":252,"column":47}},{"start":{"line":252,"column":50},"end":{"line":252,"column":60}}],"line":252},"22":{"loc":{"start":{"line":269,"column":23},"end":{"line":273,"column":23}},"type":"cond-expr","locations":[{"start":{"line":270,"column":24},"end":{"line":270,"column":541}},{"start":{"line":272,"column":24},"end":{"line":272,"column":245}}],"line":269},"23":{"loc":{"start":{"line":280,"column":35},"end":{"line":280,"column":79}},"type":"cond-expr","locations":[{"start":{"line":280,"column":67},"end":{"line":280,"column":74}},{"start":{"line":280,"column":77},"end":{"line":280,"column":79}}],"line":280},"24":{"loc":{"start":{"line":281,"column":35},"end":{"line":281,"column":81}},"type":"cond-expr","locations":[{"start":{"line":281,"column":69},"end":{"line":281,"column":76}},{"start":{"line":281,"column":79},"end":{"line":281,"column":81}}],"line":281},"25":{"loc":{"start":{"line":282,"column":35},"end":{"line":282,"column":81}},"type":"cond-expr","locations":[{"start":{"line":282,"column":69},"end":{"line":282,"column":76}},{"start":{"line":282,"column":79},"end":{"line":282,"column":81}}],"line":282},"26":{"loc":{"start":{"line":283,"column":35},"end":{"line":283,"column":78}},"type":"cond-expr","locations":[{"start":{"line":283,"column":66},"end":{"line":283,"column":73}},{"start":{"line":283,"column":76},"end":{"line":283,"column":78}}],"line":283},"27":{"loc":{"start":{"line":295,"column":26},"end":{"line":295,"column":67}},"type":"cond-expr","locations":[{"start":{"line":295,"column":48},"end":{"line":295,"column":54}},{"start":{"line":295,"column":57},"end":{"line":295,"column":67}}],"line":295},"28":{"loc":{"start":{"line":312,"column":23},"end":{"line":316,"column":23}},"type":"cond-expr","locations":[{"start":{"line":313,"column":24},"end":{"line":313,"column":541}},{"start":{"line":315,"column":24},"end":{"line":315,"column":245}}],"line":312},"29":{"loc":{"start":{"line":340,"column":26},"end":{"line":340,"column":108}},"type":"binary-expr","locations":[{"start":{"line":340,"column":26},"end":{"line":340,"column":38}},{"start":{"line":340,"column":42},"end":{"line":340,"column":57}},{"start":{"line":340,"column":61},"end":{"line":340,"column":79}},{"start":{"line":340,"column":83},"end":{"line":340,"column":108}}],"line":340},"30":{"loc":{"start":{"line":342,"column":17},"end":{"line":349,"column":17}},"type":"cond-expr","locations":[{"start":{"line":343,"column":18},"end":{"line":346,"column":21}},{"start":{"line":348,"column":18},"end":{"line":348,"column":34}}],"line":342}},"s":{"0":0,"1":0,"2":0,"3":0,"4":0,"5":0,"6":0,"7":0,"8":0,"9":0,"10":0,"11":0,"12":0,"13":0,"14":0,"15":0,"16":0,"17":0,"18":0,"19":0,"20":0,"21":0,"22":0,"23":0,"24":0,"25":0,"26":0,"27":0,"28":0,"29":0,"30":0,"31":0,"32":0,"33":0,"34":0,"35":0,"36":0,"37":0,"38":0,"39":0,"40":0,"41":0,"42":0,"43":0,"44":0,"45":0,"46":0,"47":0,"48":0,"49":0,"50":0,"51":0,"52":0,"53":0,"54":0,"55":0,"56":0,"57":0,"58":0},"f":{"0":0,"1":0,"2":0,"3":0,"4":0,"5":0,"6":0,"7":0,"8":0},"b":{"0":[0,0],"1":[0,0],"2":[0,0],"3":[0,0],"4":[0,0,0],"5":[0,0],"6":[0,0],"7":[0,0],"8":[0,0],"9":[0,0,0],"10":[0,0],"11":[0,0],"12":[0,0],"13":[0,0],"14":[0,0],"15":[0,0],"16":[0,0],"17":[0,0],"18":[0,0,0],"19":[0,0],"20":[0,0],"21":[0,0],"22":[0,0],"23":[0,0],"24":[0,0],"25":[0,0],"26":[0,0],"27":[0,0],"28":[0,0],"29":[0,0,0,0],"30":[0,0]}}
,"/Users/admin/projects/deal-aggregator-facebook/pages/blog/[slug].js": {"path":"/Users/admin/projects/deal-aggregator-facebook/pages/blog/[slug].js","statementMap":{"0":{"start":{"line":7,"column":17},"end":{"line":7,"column":28}},"1":{"start":{"line":8,"column":19},"end":{"line":8,"column":31}},"2":{"start":{"line":11,"column":19},"end":{"line":15,"column":3}},"3":{"start":{"line":17,"column":2},"end":{"line":63,"column":4}}},"fnMap":{"0":{"name":"BlogPost","decl":{"start":{"line":6,"column":24},"end":{"line":6,"column":32}},"loc":{"start":{"line":6,"column":35},"end":{"line":64,"column":1}},"line":6}},"branchMap":{},"s":{"0":0,"1":0,"2":0,"3":0},"f":{"0":0},"b":{}}
,"/Users/admin/projects/deal-aggregator-facebook/pages/blog/index.js": {"path":"/Users/admin/projects/deal-aggregator-facebook/pages/blog/index.js","statementMap":{"0":{"start":{"line":6,"column":2},"end":{"line":22,"column":4}}},"fnMap":{"0":{"name":"Blog","decl":{"start":{"line":5,"column":24},"end":{"line":5,"column":28}},"loc":{"start":{"line":5,"column":31},"end":{"line":23,"column":1}},"line":5}},"branchMap":{},"s":{"0":0},"f":{"0":0},"b":{}}
}
